{"contracts/core.sol":{"l":{"68":54,"72":54,"76":2,"79":2,"81":2,"85":1,"90":27,"91":27,"92":27,"100":9,"101":9,"102":9,"106":9,"107":9,"108":9,"111":36,"112":36,"113":36,"118":0,"119":0,"124":1,"125":1,"126":0,"127":0,"128":0,"131":1,"132":1,"134":1,"135":1,"136":1,"137":1,"142":1,"143":0,"144":0,"149":0,"150":0,"151":0,"154":0,"156":0,"157":0,"158":0,"164":0,"165":0,"166":0,"167":0,"172":0,"173":0,"181":0,"182":0,"186":0,"187":0,"191":0,"192":0,"196":1,"197":1,"201":0,"205":0,"206":0,"210":0,"211":0,"216":0,"217":0,"222":0,"223":0,"226":0,"227":0,"230":0},"path":"/Users/mulish/Desktop/plexus/contracts/contracts/core.sol","s":{"1":54,"2":2,"3":2,"4":1,"5":27,"6":27,"7":27,"8":9,"9":9,"10":9,"11":9,"12":9,"13":9,"14":36,"15":36,"16":36,"17":0,"18":0,"19":1,"20":1,"21":0,"22":0,"23":0,"24":1,"25":1,"26":1,"27":1,"28":1,"29":1,"30":1,"31":0,"32":0,"33":0,"34":0,"35":0,"36":0,"37":0,"38":0,"39":0,"40":0,"41":0,"42":0,"43":0,"44":0,"45":0,"46":0,"47":0,"48":0,"49":0,"50":0,"51":0,"52":1,"53":1,"54":0,"55":0,"56":0,"57":0,"58":0,"59":0,"60":0,"61":0,"62":0,"63":0,"64":0,"65":0},"b":{"1":[54,0],"2":[2,0],"3":[0,1],"4":[1,0],"5":[0,0],"6":[0,0],"7":[0,0],"8":[0,0],"9":[0,0]},"f":{"1":54,"2":2,"3":27,"4":0,"5":9,"6":9,"7":36,"8":0,"9":1,"10":1,"11":0,"12":0,"13":0,"14":0,"15":0,"16":0,"17":1,"18":0,"19":0,"20":0,"21":0,"22":0},"fnMap":{"1":{"name":"onlyOwner","line":67,"loc":{"start":{"line":67,"column":4},"end":{"line":73,"column":3}}},"2":{"name":"nonReentrant","line":74,"loc":{"start":{"line":74,"column":3},"end":{"line":86,"column":4}}},"3":{"name":"constructor","line":89,"loc":{"start":{"line":89,"column":2},"end":{"line":93,"column":2}}},"4":{"name":null,"line":95,"loc":{"start":{"line":95,"column":2},"end":{"line":97,"column":2}}},"5":{"name":"setOracleAddress","line":99,"loc":{"start":{"line":99,"column":2},"end":{"line":103,"column":2}}},"6":{"name":"setStakingAddress","line":105,"loc":{"start":{"line":105,"column":2},"end":{"line":109,"column":2}}},"7":{"name":"setConverterAddress","line":110,"loc":{"start":{"line":110,"column":2},"end":{"line":114,"column":2}}},"8":{"name":"changeOwner","line":117,"loc":{"start":{"line":117,"column":2},"end":{"line":120,"column":2}}},"9":{"name":"deposit","line":122,"loc":{"start":{"line":122,"column":2},"end":{"line":139,"column":2}}},"10":{"name":"withdraw","line":141,"loc":{"start":{"line":141,"column":2},"end":{"line":145,"column":2}}},"11":{"name":"convert","line":147,"loc":{"start":{"line":147,"column":2},"end":{"line":160,"column":2}}},"12":{"name":"deconvert","line":163,"loc":{"start":{"line":163,"column":2},"end":{"line":168,"column":2}}},"13":{"name":"getStakableTokens","line":170,"loc":{"start":{"line":170,"column":2},"end":{"line":175,"column":2}}},"14":{"name":"getAPR","line":179,"loc":{"start":{"line":179,"column":2},"end":{"line":183,"column":3}}},"15":{"name":"getTotalValueLockedAggregated","line":185,"loc":{"start":{"line":185,"column":3},"end":{"line":188,"column":3}}},"16":{"name":"getTotalValueLockedInternalByToken","line":190,"loc":{"start":{"line":190,"column":3},"end":{"line":193,"column":3}}},"17":{"name":"getAmountStakedByUser","line":195,"loc":{"start":{"line":195,"column":3},"end":{"line":198,"column":3}}},"18":{"name":"getUserCurrentReward","line":200,"loc":{"start":{"line":200,"column":3},"end":{"line":202,"column":3}}},"19":{"name":"getTokenPrice","line":204,"loc":{"start":{"line":204,"column":3},"end":{"line":207,"column":3}}},"20":{"name":"getUserWalletBalance","line":209,"loc":{"start":{"line":209,"column":4},"end":{"line":213,"column":4}}},"21":{"name":"updateWETHAddress","line":215,"loc":{"start":{"line":215,"column":4},"end":{"line":218,"column":4}}},"22":{"name":"adminEmergencyWithdrawAccidentallyDepositedTokens","line":220,"loc":{"start":{"line":220,"column":4},"end":{"line":231,"column":5}}}},"statementMap":{"1":{"start":{"line":68,"column":11},"end":{"line":68,"column":3065}},"2":{"start":{"line":76,"column":8},"end":{"line":76,"column":70}},"3":{"start":{"line":79,"column":8},"end":{"line":79,"column":25}},"4":{"start":{"line":85,"column":8},"end":{"line":85,"column":29}},"5":{"start":{"line":90,"column":8},"end":{"line":90,"column":24}},"6":{"start":{"line":91,"column":8},"end":{"line":91,"column":70}},"7":{"start":{"line":92,"column":8},"end":{"line":92,"column":29}},"8":{"start":{"line":100,"column":4},"end":{"line":100,"column":29}},"9":{"start":{"line":101,"column":4},"end":{"line":101,"column":30}},"10":{"start":{"line":102,"column":4},"end":{"line":102,"column":15}},"11":{"start":{"line":106,"column":4},"end":{"line":106,"column":30}},"12":{"start":{"line":107,"column":4},"end":{"line":107,"column":37}},"13":{"start":{"line":108,"column":4},"end":{"line":108,"column":15}},"14":{"start":{"line":111,"column":4},"end":{"line":111,"column":32}},"15":{"start":{"line":112,"column":4},"end":{"line":112,"column":36}},"16":{"start":{"line":113,"column":4},"end":{"line":113,"column":15}},"17":{"start":{"line":118,"column":4},"end":{"line":118,"column":19}},"18":{"start":{"line":119,"column":4},"end":{"line":119,"column":15}},"19":{"start":{"line":124,"column":6},"end":{"line":124,"column":17}},"20":{"start":{"line":125,"column":6},"end":{"line":125,"column":4858}},"21":{"start":{"line":126,"column":12},"end":{"line":126,"column":47}},"22":{"start":{"line":127,"column":12},"end":{"line":127,"column":42}},"23":{"start":{"line":128,"column":12},"end":{"line":128,"column":38}},"24":{"start":{"line":131,"column":12},"end":{"line":131,"column":38}},"25":{"start":{"line":132,"column":12},"end":{"line":132,"column":64}},"26":{"start":{"line":134,"column":6},"end":{"line":134,"column":50}},"27":{"start":{"line":135,"column":6},"end":{"line":135,"column":88}},"28":{"start":{"line":136,"column":6},"end":{"line":136,"column":93}},"29":{"start":{"line":137,"column":6},"end":{"line":137,"column":19}},"30":{"start":{"line":142,"column":6},"end":{"line":142,"column":89}},"31":{"start":{"line":143,"column":8},"end":{"line":143,"column":98}},"32":{"start":{"line":144,"column":8},"end":{"line":144,"column":21}},"33":{"start":{"line":149,"column":8},"end":{"line":149,"column":5946}},"34":{"start":{"line":150,"column":12},"end":{"line":150,"column":44}},"35":{"start":{"line":151,"column":12},"end":{"line":151,"column":151}},"36":{"start":{"line":154,"column":8},"end":{"line":154,"column":133}},"37":{"start":{"line":156,"column":8},"end":{"line":156,"column":52}},"38":{"start":{"line":157,"column":8},"end":{"line":157,"column":42}},"39":{"start":{"line":158,"column":8},"end":{"line":158,"column":49}},"40":{"start":{"line":164,"column":7},"end":{"line":164,"column":97}},"41":{"start":{"line":165,"column":7},"end":{"line":165,"column":44}},"42":{"start":{"line":166,"column":8},"end":{"line":166,"column":42}},"43":{"start":{"line":167,"column":7},"end":{"line":167,"column":21}},"44":{"start":{"line":172,"column":8},"end":{"line":172,"column":111}},"45":{"start":{"line":173,"column":8},"end":{"line":173,"column":54}},"46":{"start":{"line":181,"column":5},"end":{"line":181,"column":63}},"47":{"start":{"line":182,"column":5},"end":{"line":182,"column":18}},"48":{"start":{"line":186,"column":6},"end":{"line":186,"column":72}},"49":{"start":{"line":187,"column":6},"end":{"line":187,"column":19}},"50":{"start":{"line":191,"column":6},"end":{"line":191,"column":93}},"51":{"start":{"line":192,"column":6},"end":{"line":192,"column":19}},"52":{"start":{"line":196,"column":8},"end":{"line":196,"column":95}},"53":{"start":{"line":197,"column":8},"end":{"line":197,"column":21}},"54":{"start":{"line":201,"column":8},"end":{"line":201,"column":89}},"55":{"start":{"line":205,"column":8},"end":{"line":205,"column":59}},"56":{"start":{"line":206,"column":8},"end":{"line":206,"column":21}},"57":{"start":{"line":210,"column":8},"end":{"line":210,"column":80}},"58":{"start":{"line":211,"column":8},"end":{"line":211,"column":21}},"59":{"start":{"line":216,"column":8},"end":{"line":216,"column":38}},"60":{"start":{"line":217,"column":8},"end":{"line":217,"column":35}},"61":{"start":{"line":222,"column":9},"end":{"line":222,"column":9039}},"62":{"start":{"line":223,"column":13},"end":{"line":223,"column":40}},"63":{"start":{"line":226,"column":13},"end":{"line":226,"column":44}},"64":{"start":{"line":227,"column":13},"end":{"line":227,"column":61}},"65":{"start":{"line":230,"column":9},"end":{"line":230,"column":20}}},"branchMap":{"1":{"line":68,"type":"if","locations":[{"start":{"line":68,"column":11},"end":{"line":68,"column":11}},{"start":{"line":68,"column":11},"end":{"line":68,"column":11}}]},"2":{"line":76,"type":"if","locations":[{"start":{"line":76,"column":8},"end":{"line":76,"column":8}},{"start":{"line":76,"column":8},"end":{"line":76,"column":8}}]},"3":{"line":125,"type":"if","locations":[{"start":{"line":125,"column":6},"end":{"line":125,"column":6}},{"start":{"line":125,"column":6},"end":{"line":125,"column":6}}]},"4":{"line":136,"type":"if","locations":[{"start":{"line":136,"column":6},"end":{"line":136,"column":6}},{"start":{"line":136,"column":6},"end":{"line":136,"column":6}}]},"5":{"line":143,"type":"if","locations":[{"start":{"line":143,"column":8},"end":{"line":143,"column":8}},{"start":{"line":143,"column":8},"end":{"line":143,"column":8}}]},"6":{"line":149,"type":"if","locations":[{"start":{"line":149,"column":8},"end":{"line":149,"column":8}},{"start":{"line":149,"column":8},"end":{"line":149,"column":8}}]},"7":{"line":151,"type":"if","locations":[{"start":{"line":151,"column":12},"end":{"line":151,"column":12}},{"start":{"line":151,"column":12},"end":{"line":151,"column":12}}]},"8":{"line":222,"type":"if","locations":[{"start":{"line":222,"column":9},"end":{"line":222,"column":9}},{"start":{"line":222,"column":9},"end":{"line":222,"column":9}}]},"9":{"line":227,"type":"if","locations":[{"start":{"line":227,"column":13},"end":{"line":227,"column":13}},{"start":{"line":227,"column":13},"end":{"line":227,"column":13}}]}}},"contracts/Migrations.sol":{"l":{"9":0,"13":0,"17":0},"path":"/Users/mulish/Desktop/plexus/contracts/contracts/Migrations.sol","s":{"1":0,"2":0},"b":{"1":[0,0]},"f":{"1":0,"2":0},"fnMap":{"1":{"name":"restricted","line":8,"loc":{"start":{"line":8,"column":2},"end":{"line":14,"column":2}}},"2":{"name":"setCompleted","line":16,"loc":{"start":{"line":16,"column":2},"end":{"line":18,"column":2}}}},"statementMap":{"1":{"start":{"line":9,"column":4},"end":{"line":9,"column":201}},"2":{"start":{"line":17,"column":4},"end":{"line":17,"column":39}}},"branchMap":{"1":{"line":9,"type":"if","locations":[{"start":{"line":9,"column":4},"end":{"line":9,"column":4}},{"start":{"line":9,"column":4},"end":{"line":9,"column":4}}]}}},"contracts/oracle.sol":{"l":{"74":0,"75":0,"76":0,"80":0,"81":0,"82":0,"83":0,"89":0,"90":0,"94":0,"95":0,"96":0,"132":36,"136":36,"141":27,"146":0,"147":0,"151":0,"152":0,"156":0,"157":0,"158":0,"162":0,"164":0,"165":0,"166":0,"167":0,"170":0,"176":0,"181":1,"182":1,"186":0,"188":0,"189":0,"190":0,"191":0,"195":0,"196":0,"197":0,"198":0,"199":0,"200":0,"204":0,"205":0,"210":4,"220":0,"221":0,"222":0,"223":0,"227":0,"228":0,"229":0,"230":0,"234":0,"235":0,"236":0,"240":9,"241":9,"242":9,"243":9,"247":9,"248":9,"249":9,"253":18,"254":18,"259":0,"260":0,"261":0,"263":0,"264":0,"266":0,"272":0,"273":0,"278":0,"279":0,"285":0,"286":0,"292":0,"293":0,"298":0,"299":0,"300":0,"301":0,"307":0,"308":0,"312":0,"313":0,"317":0,"319":0},"path":"/Users/mulish/Desktop/plexus/contracts/contracts/oracle.sol","s":{"1":0,"2":0,"3":0,"4":0,"5":0,"6":0,"7":0,"8":0,"9":0,"10":0,"11":0,"12":0,"13":36,"14":27,"15":0,"16":0,"17":0,"18":0,"19":0,"20":0,"21":0,"22":0,"23":0,"24":0,"25":0,"26":0,"27":0,"28":0,"29":1,"30":1,"31":0,"32":0,"33":0,"34":0,"35":0,"36":0,"37":0,"38":0,"39":0,"40":0,"41":0,"42":0,"43":0,"44":4,"45":0,"46":0,"47":0,"48":0,"49":0,"50":0,"51":0,"52":0,"53":0,"54":0,"55":0,"56":9,"57":9,"58":9,"59":9,"60":9,"61":9,"62":9,"63":18,"64":18,"65":0,"66":0,"67":0,"68":0,"69":0,"70":0,"71":0,"72":0,"73":0,"74":0,"75":0,"76":0,"77":0,"78":0,"79":0,"80":0,"81":0,"82":0,"83":0,"84":0,"85":0,"86":0,"87":0,"88":0},"b":{"1":[36,0],"2":[0,0]},"f":{"1":0,"2":0,"3":0,"4":0,"5":36,"6":27,"7":0,"8":0,"9":0,"10":0,"11":1,"12":0,"13":0,"14":0,"15":4,"16":0,"17":0,"18":0,"19":9,"20":9,"21":18,"22":0,"23":0,"24":0,"25":0,"26":0,"27":0,"28":0,"29":0,"30":0},"fnMap":{"1":{"name":"mul","line":73,"loc":{"start":{"line":73,"column":2},"end":{"line":77,"column":2}}},"2":{"name":"div","line":79,"loc":{"start":{"line":79,"column":2},"end":{"line":84,"column":2}}},"3":{"name":"sub","line":88,"loc":{"start":{"line":88,"column":2},"end":{"line":91,"column":2}}},"4":{"name":"add","line":93,"loc":{"start":{"line":93,"column":2},"end":{"line":97,"column":2}}},"5":{"name":"onlyOwner","line":131,"loc":{"start":{"line":131,"column":2},"end":{"line":137,"column":1}}},"6":{"name":"constructor","line":140,"loc":{"start":{"line":140,"column":2},"end":{"line":142,"column":2}}},"7":{"name":"getTotalValueLockedInternalByToken","line":145,"loc":{"start":{"line":145,"column":4},"end":{"line":148,"column":4}}},"8":{"name":"getTotalValueLockedAggregated","line":150,"loc":{"start":{"line":150,"column":4},"end":{"line":153,"column":4}}},"9":{"name":"getStakableTokens","line":155,"loc":{"start":{"line":155,"column":4},"end":{"line":159,"column":4}}},"10":{"name":"getAPR","line":161,"loc":{"start":{"line":161,"column":4},"end":{"line":178,"column":4}}},"11":{"name":"getAmountStakedByUser","line":180,"loc":{"start":{"line":180,"column":4},"end":{"line":183,"column":4}}},"12":{"name":"getUserCurrentReward","line":185,"loc":{"start":{"line":185,"column":4},"end":{"line":192,"column":4}}},"13":{"name":"getTokenPrice","line":194,"loc":{"start":{"line":194,"column":4},"end":{"line":201,"column":4}}},"14":{"name":"getUserWalletBalance","line":203,"loc":{"start":{"line":203,"column":4},"end":{"line":206,"column":4}}},"15":{"name":"getAddress","line":209,"loc":{"start":{"line":209,"column":4},"end":{"line":211,"column":4}}},"16":{"name":"updateTVLAddress","line":219,"loc":{"start":{"line":219,"column":4},"end":{"line":224,"column":2}}},"17":{"name":"updatePriceOracleAddress","line":226,"loc":{"start":{"line":226,"column":2},"end":{"line":231,"column":2}}},"18":{"name":"updateUSD","line":233,"loc":{"start":{"line":233,"column":2},"end":{"line":237,"column":2}}},"19":{"name":"updateRewardAddress","line":239,"loc":{"start":{"line":239,"column":2},"end":{"line":244,"column":2}}},"20":{"name":"updateCoreAddress","line":246,"loc":{"start":{"line":246,"column":2},"end":{"line":250,"column":2}}},"21":{"name":"updateDirectory","line":252,"loc":{"start":{"line":252,"column":2},"end":{"line":255,"column":2}}},"22":{"name":"setPlatformContract","line":258,"loc":{"start":{"line":258,"column":2},"end":{"line":268,"column":2}}},"23":{"name":"calculateCommission","line":271,"loc":{"start":{"line":271,"column":2},"end":{"line":274,"column":2}}},"24":{"name":"getCommissionByContract","line":277,"loc":{"start":{"line":277,"column":2},"end":{"line":281,"column":2}}},"25":{"name":"getTotalStakedByContract","line":284,"loc":{"start":{"line":284,"column":2},"end":{"line":288,"column":2}}},"26":{"name":"getAmountCurrentlyDepositedByContract","line":290,"loc":{"start":{"line":290,"column":2},"end":{"line":295,"column":2}}},"27":{"name":"replaceAllStakableDirectory","line":297,"loc":{"start":{"line":297,"column":2},"end":{"line":303,"column":2}}},"28":{"name":"getAmountCurrentlyFarmStakedByContract","line":305,"loc":{"start":{"line":305,"column":2},"end":{"line":309,"column":2}}},"29":{"name":"getUserTokenBalance","line":311,"loc":{"start":{"line":311,"column":2},"end":{"line":315,"column":2}}},"30":{"name":"getUniswapPrice","line":316,"loc":{"start":{"line":316,"column":2},"end":{"line":321,"column":4}}}},"statementMap":{"1":{"start":{"line":74,"column":4},"end":{"line":74,"column":21}},"2":{"start":{"line":75,"column":4},"end":{"line":75,"column":31}},"3":{"start":{"line":76,"column":4},"end":{"line":76,"column":12}},"4":{"start":{"line":80,"column":4},"end":{"line":80,"column":16}},"5":{"start":{"line":81,"column":4},"end":{"line":81,"column":21}},"6":{"start":{"line":82,"column":4},"end":{"line":82,"column":29}},"7":{"start":{"line":83,"column":4},"end":{"line":83,"column":12}},"8":{"start":{"line":89,"column":4},"end":{"line":89,"column":17}},"9":{"start":{"line":90,"column":4},"end":{"line":90,"column":16}},"10":{"start":{"line":94,"column":4},"end":{"line":94,"column":21}},"11":{"start":{"line":95,"column":4},"end":{"line":95,"column":17}},"12":{"start":{"line":96,"column":4},"end":{"line":96,"column":12}},"13":{"start":{"line":132,"column":9},"end":{"line":132,"column":5029}},"14":{"start":{"line":141,"column":8},"end":{"line":141,"column":24}},"15":{"start":{"line":146,"column":8},"end":{"line":146,"column":97}},"16":{"start":{"line":147,"column":8},"end":{"line":147,"column":21}},"17":{"start":{"line":151,"column":6},"end":{"line":151,"column":75}},"18":{"start":{"line":152,"column":6},"end":{"line":152,"column":19}},"19":{"start":{"line":156,"column":6},"end":{"line":156,"column":52}},"20":{"start":{"line":157,"column":6},"end":{"line":157,"column":60}},"21":{"start":{"line":158,"column":6},"end":{"line":158,"column":43}},"22":{"start":{"line":162,"column":6},"end":{"line":162,"column":72}},"23":{"start":{"line":164,"column":6},"end":{"line":164,"column":6101}},"24":{"start":{"line":165,"column":8},"end":{"line":165,"column":118}},"25":{"start":{"line":166,"column":8},"end":{"line":166,"column":6252}},"26":{"start":{"line":167,"column":10},"end":{"line":167,"column":20}},"27":{"start":{"line":170,"column":10},"end":{"line":170,"column":20}},"28":{"start":{"line":176,"column":8},"end":{"line":176,"column":26}},"29":{"start":{"line":181,"column":6},"end":{"line":181,"column":82}},"30":{"start":{"line":182,"column":6},"end":{"line":182,"column":77}},"31":{"start":{"line":186,"column":8},"end":{"line":186,"column":92}},"32":{"start":{"line":188,"column":8},"end":{"line":188,"column":94}},"33":{"start":{"line":189,"column":8},"end":{"line":189,"column":52}},"34":{"start":{"line":190,"column":8},"end":{"line":190,"column":104}},"35":{"start":{"line":191,"column":8},"end":{"line":191,"column":21}},"36":{"start":{"line":195,"column":6},"end":{"line":195,"column":52}},"37":{"start":{"line":196,"column":6},"end":{"line":196,"column":32}},"38":{"start":{"line":197,"column":6},"end":{"line":197,"column":35}},"39":{"start":{"line":198,"column":6},"end":{"line":198,"column":69}},"40":{"start":{"line":199,"column":6},"end":{"line":199,"column":42}},"41":{"start":{"line":200,"column":6},"end":{"line":200,"column":28}},"42":{"start":{"line":204,"column":6},"end":{"line":204,"column":39}},"43":{"start":{"line":205,"column":6},"end":{"line":205,"column":41}},"44":{"start":{"line":210,"column":10},"end":{"line":210,"column":45}},"45":{"start":{"line":220,"column":4},"end":{"line":220,"column":32}},"46":{"start":{"line":221,"column":4},"end":{"line":221,"column":36}},"47":{"start":{"line":222,"column":4},"end":{"line":222,"column":43}},"48":{"start":{"line":223,"column":4},"end":{"line":223,"column":15}},"49":{"start":{"line":227,"column":4},"end":{"line":227,"column":30}},"50":{"start":{"line":228,"column":4},"end":{"line":228,"column":45}},"51":{"start":{"line":229,"column":4},"end":{"line":229,"column":41}},"52":{"start":{"line":230,"column":4},"end":{"line":230,"column":15}},"53":{"start":{"line":234,"column":4},"end":{"line":234,"column":31}},"54":{"start":{"line":235,"column":4},"end":{"line":235,"column":37}},"55":{"start":{"line":236,"column":4},"end":{"line":236,"column":15}},"56":{"start":{"line":240,"column":4},"end":{"line":240,"column":29}},"57":{"start":{"line":241,"column":4},"end":{"line":241,"column":30}},"58":{"start":{"line":242,"column":4},"end":{"line":242,"column":41}},"59":{"start":{"line":243,"column":4},"end":{"line":243,"column":15}},"60":{"start":{"line":247,"column":4},"end":{"line":247,"column":27}},"61":{"start":{"line":248,"column":4},"end":{"line":248,"column":38}},"62":{"start":{"line":249,"column":4},"end":{"line":249,"column":15}},"63":{"start":{"line":253,"column":4},"end":{"line":253,"column":39}},"64":{"start":{"line":254,"column":4},"end":{"line":254,"column":15}},"65":{"start":{"line":259,"column":4},"end":{"line":259,"column":36}},"66":{"start":{"line":260,"column":4},"end":{"line":260,"column":34}},"67":{"start":{"line":261,"column":4},"end":{"line":261,"column":29}},"68":{"start":{"line":263,"column":4},"end":{"line":263,"column":67}},"69":{"start":{"line":264,"column":4},"end":{"line":264,"column":46}},"70":{"start":{"line":266,"column":4},"end":{"line":266,"column":15}},"71":{"start":{"line":272,"column":4},"end":{"line":272,"column":79}},"72":{"start":{"line":273,"column":4},"end":{"line":273,"column":27}},"73":{"start":{"line":278,"column":4},"end":{"line":278,"column":84}},"74":{"start":{"line":279,"column":4},"end":{"line":279,"column":34}},"75":{"start":{"line":285,"column":4},"end":{"line":285,"column":84}},"76":{"start":{"line":286,"column":4},"end":{"line":286,"column":53}},"77":{"start":{"line":292,"column":4},"end":{"line":292,"column":84}},"78":{"start":{"line":293,"column":4},"end":{"line":293,"column":64}},"79":{"start":{"line":298,"column":4},"end":{"line":298,"column":36}},"80":{"start":{"line":299,"column":4},"end":{"line":299,"column":35}},"81":{"start":{"line":300,"column":4},"end":{"line":300,"column":29}},"82":{"start":{"line":301,"column":4},"end":{"line":301,"column":15}},"83":{"start":{"line":307,"column":4},"end":{"line":307,"column":84}},"84":{"start":{"line":308,"column":4},"end":{"line":308,"column":75}},"85":{"start":{"line":312,"column":4},"end":{"line":312,"column":37}},"86":{"start":{"line":313,"column":4},"end":{"line":313,"column":39}},"87":{"start":{"line":317,"column":8},"end":{"line":317,"column":79}},"88":{"start":{"line":319,"column":8},"end":{"line":319,"column":22}}},"branchMap":{"1":{"line":132,"type":"if","locations":[{"start":{"line":132,"column":9},"end":{"line":132,"column":9}},{"start":{"line":132,"column":9},"end":{"line":132,"column":9}}]},"2":{"line":164,"type":"if","locations":[{"start":{"line":164,"column":6},"end":{"line":164,"column":6}},{"start":{"line":164,"column":6},"end":{"line":164,"column":6}}]}}},"contracts/tier1Staking.sol":{"l":{"62":1,"63":1,"64":1,"68":0,"69":0,"70":0,"71":0,"77":0,"78":0,"82":0,"83":0,"84":0,"111":45,"115":45,"119":1,"123":1,"127":1,"131":1,"140":27,"142":27,"143":27,"154":36,"155":36,"156":36,"163":9,"164":9,"170":0,"171":0,"172":0,"177":0,"178":0,"179":0,"188":1,"189":1,"190":1,"192":1,"194":1,"196":1,"198":1,"200":1,"201":1,"202":1,"212":1,"222":1,"223":1,"224":1,"225":1,"226":0,"227":0,"228":0,"230":0,"238":0,"243":0,"244":0,"245":0,"249":0,"250":0,"266":0,"267":0,"268":0,"275":0,"276":0,"279":0,"280":0,"286":0,"292":0,"293":0,"294":0,"295":0,"296":0,"301":0,"302":0,"303":0,"304":0,"305":0,"311":0},"path":"/Users/mulish/Desktop/plexus/contracts/contracts/tier1Staking.sol","s":{"1":1,"2":1,"3":1,"4":0,"5":0,"6":0,"7":0,"8":0,"9":0,"10":0,"11":0,"12":0,"13":45,"14":1,"15":1,"16":27,"17":27,"18":27,"19":36,"20":36,"21":36,"22":9,"23":9,"24":0,"25":0,"26":0,"27":0,"28":0,"29":0,"30":1,"31":1,"32":1,"33":1,"34":1,"35":1,"36":1,"37":1,"38":1,"39":1,"40":1,"41":1,"42":1,"43":1,"44":1,"45":0,"46":0,"47":0,"48":0,"49":0,"50":0,"51":0,"52":0,"53":0,"54":0,"55":0,"56":0,"57":0,"58":0,"59":0,"60":0,"61":0,"62":0,"63":0,"64":0,"65":0,"66":0,"67":0,"68":0,"69":0,"70":0,"71":0,"72":0,"73":0},"b":{"1":[45,0],"2":[1,0],"3":[1,0],"4":[1,0],"5":[1,0],"6":[0,0],"7":[0,0],"8":[0,0]},"f":{"1":1,"2":0,"3":0,"4":0,"5":45,"6":1,"7":1,"8":27,"9":0,"10":36,"11":9,"12":0,"13":0,"14":1,"15":1,"16":0,"17":0,"18":0,"19":0,"20":0,"21":0,"22":0},"fnMap":{"1":{"name":"mul","line":61,"loc":{"start":{"line":61,"column":2},"end":{"line":65,"column":2}}},"2":{"name":"div","line":67,"loc":{"start":{"line":67,"column":2},"end":{"line":72,"column":2}}},"3":{"name":"sub","line":76,"loc":{"start":{"line":76,"column":2},"end":{"line":79,"column":2}}},"4":{"name":"add","line":81,"loc":{"start":{"line":81,"column":2},"end":{"line":85,"column":2}}},"5":{"name":"onlyOwner","line":110,"loc":{"start":{"line":110,"column":2},"end":{"line":116,"column":2}}},"6":{"name":"onlyAdmin","line":118,"loc":{"start":{"line":118,"column":2},"end":{"line":124,"column":2}}},"7":{"name":"onlyCoreContract","line":126,"loc":{"start":{"line":126,"column":2},"end":{"line":132,"column":2}}},"8":{"name":"constructor","line":139,"loc":{"start":{"line":139,"column":2},"end":{"line":145,"column":2}}},"9":{"name":null,"line":148,"loc":{"start":{"line":148,"column":2},"end":{"line":151,"column":2}}},"10":{"name":"updateOracleAddress","line":153,"loc":{"start":{"line":153,"column":1},"end":{"line":158,"column":2}}},"11":{"name":"addOrEditTier2ChildStakingContract","line":161,"loc":{"start":{"line":161,"column":2},"end":{"line":166,"column":2}}},"12":{"name":"addOrEditTier2ChildsChildStakingContract","line":168,"loc":{"start":{"line":168,"column":2},"end":{"line":174,"column":2}}},"13":{"name":"updateCommissionTier2","line":176,"loc":{"start":{"line":176,"column":2},"end":{"line":180,"column":2}}},"14":{"name":"deposit","line":186,"loc":{"start":{"line":186,"column":2},"end":{"line":213,"column":3}}},"15":{"name":"withdraw","line":220,"loc":{"start":{"line":220,"column":2},"end":{"line":239,"column":3}}},"16":{"name":"changeTier2Owner","line":242,"loc":{"start":{"line":242,"column":3},"end":{"line":246,"column":3}}},"17":{"name":"changeOwner","line":248,"loc":{"start":{"line":248,"column":3},"end":{"line":251,"column":3}}},"18":{"name":"adminEmergencyWithdrawTokensTier2","line":265,"loc":{"start":{"line":265,"column":2},"end":{"line":269,"column":2}}},"19":{"name":"adminEmergencyWithdrawTokens","line":271,"loc":{"start":{"line":271,"column":2},"end":{"line":287,"column":2}}},"20":{"name":"getStakedPoolBalanceByUser","line":291,"loc":{"start":{"line":291,"column":0},"end":{"line":298,"column":0}}},"21":{"name":"getDepositBalanceByUser","line":300,"loc":{"start":{"line":300,"column":0},"end":{"line":306,"column":0}}},"22":{"name":"kill","line":309,"loc":{"start":{"line":309,"column":1},"end":{"line":313,"column":1}}}},"statementMap":{"1":{"start":{"line":62,"column":4},"end":{"line":62,"column":21}},"2":{"start":{"line":63,"column":4},"end":{"line":63,"column":31}},"3":{"start":{"line":64,"column":4},"end":{"line":64,"column":12}},"4":{"start":{"line":68,"column":4},"end":{"line":68,"column":16}},"5":{"start":{"line":69,"column":4},"end":{"line":69,"column":21}},"6":{"start":{"line":70,"column":4},"end":{"line":70,"column":29}},"7":{"start":{"line":71,"column":4},"end":{"line":71,"column":12}},"8":{"start":{"line":77,"column":4},"end":{"line":77,"column":17}},"9":{"start":{"line":78,"column":4},"end":{"line":78,"column":16}},"10":{"start":{"line":82,"column":4},"end":{"line":82,"column":21}},"11":{"start":{"line":83,"column":4},"end":{"line":83,"column":17}},"12":{"start":{"line":84,"column":4},"end":{"line":84,"column":12}},"13":{"start":{"line":111,"column":9},"end":{"line":111,"column":3843}},"14":{"start":{"line":119,"column":9},"end":{"line":119,"column":3997}},"15":{"start":{"line":127,"column":9},"end":{"line":127,"column":4178}},"16":{"start":{"line":140,"column":8},"end":{"line":140,"column":81}},"17":{"start":{"line":142,"column":8},"end":{"line":142,"column":24}},"18":{"start":{"line":143,"column":8},"end":{"line":143,"column":70}},"19":{"start":{"line":154,"column":4},"end":{"line":154,"column":34}},"20":{"start":{"line":155,"column":4},"end":{"line":155,"column":36}},"21":{"start":{"line":156,"column":4},"end":{"line":156,"column":15}},"22":{"start":{"line":163,"column":4},"end":{"line":163,"column":47}},"23":{"start":{"line":164,"column":4},"end":{"line":164,"column":15}},"24":{"start":{"line":170,"column":4},"end":{"line":170,"column":73}},"25":{"start":{"line":171,"column":4},"end":{"line":171,"column":72}},"26":{"start":{"line":172,"column":4},"end":{"line":172,"column":15}},"27":{"start":{"line":177,"column":4},"end":{"line":177,"column":73}},"28":{"start":{"line":178,"column":4},"end":{"line":178,"column":36}},"29":{"start":{"line":179,"column":4},"end":{"line":179,"column":15}},"30":{"start":{"line":188,"column":4},"end":{"line":188,"column":68}},"31":{"start":{"line":189,"column":4},"end":{"line":189,"column":41}},"32":{"start":{"line":190,"column":4},"end":{"line":190,"column":121}},"33":{"start":{"line":192,"column":4},"end":{"line":192,"column":52}},"34":{"start":{"line":194,"column":4},"end":{"line":194,"column":73}},"35":{"start":{"line":196,"column":4},"end":{"line":196,"column":53}},"36":{"start":{"line":198,"column":4},"end":{"line":198,"column":59}},"37":{"start":{"line":200,"column":4},"end":{"line":200,"column":6301}},"38":{"start":{"line":201,"column":8},"end":{"line":201,"column":50}},"39":{"start":{"line":202,"column":9},"end":{"line":202,"column":6403}},"40":{"start":{"line":212,"column":6},"end":{"line":212,"column":17}},"41":{"start":{"line":222,"column":8},"end":{"line":222,"column":72}},"42":{"start":{"line":223,"column":8},"end":{"line":223,"column":45}},"43":{"start":{"line":224,"column":8},"end":{"line":224,"column":77}},"44":{"start":{"line":225,"column":8},"end":{"line":225,"column":58}},"45":{"start":{"line":226,"column":8},"end":{"line":226,"column":62}},"46":{"start":{"line":227,"column":10},"end":{"line":227,"column":7039}},"47":{"start":{"line":228,"column":12},"end":{"line":228,"column":54}},"48":{"start":{"line":230,"column":11},"end":{"line":230,"column":7145}},"49":{"start":{"line":238,"column":5},"end":{"line":238,"column":16}},"50":{"start":{"line":243,"column":5},"end":{"line":243,"column":74}},"51":{"start":{"line":244,"column":5},"end":{"line":244,"column":34}},"52":{"start":{"line":245,"column":5},"end":{"line":245,"column":16}},"53":{"start":{"line":249,"column":5},"end":{"line":249,"column":20}},"54":{"start":{"line":250,"column":5},"end":{"line":250,"column":16}},"55":{"start":{"line":266,"column":4},"end":{"line":266,"column":73}},"56":{"start":{"line":267,"column":4},"end":{"line":267,"column":68}},"57":{"start":{"line":268,"column":4},"end":{"line":268,"column":15}},"58":{"start":{"line":275,"column":6},"end":{"line":275,"column":8381}},"59":{"start":{"line":276,"column":10},"end":{"line":276,"column":37}},"60":{"start":{"line":279,"column":10},"end":{"line":279,"column":41}},"61":{"start":{"line":280,"column":10},"end":{"line":280,"column":58}},"62":{"start":{"line":286,"column":6},"end":{"line":286,"column":17}},"63":{"start":{"line":292,"column":2},"end":{"line":292,"column":66}},"64":{"start":{"line":293,"column":2},"end":{"line":293,"column":39}},"65":{"start":{"line":294,"column":2},"end":{"line":294,"column":71}},"66":{"start":{"line":295,"column":2},"end":{"line":295,"column":74}},"67":{"start":{"line":296,"column":2},"end":{"line":296,"column":16}},"68":{"start":{"line":301,"column":2},"end":{"line":301,"column":66}},"69":{"start":{"line":302,"column":2},"end":{"line":302,"column":32}},"70":{"start":{"line":303,"column":2},"end":{"line":303,"column":71}},"71":{"start":{"line":304,"column":2},"end":{"line":304,"column":56}},"72":{"start":{"line":305,"column":2},"end":{"line":305,"column":16}},"73":{"start":{"line":311,"column":9},"end":{"line":311,"column":27}}},"branchMap":{"1":{"line":111,"type":"if","locations":[{"start":{"line":111,"column":9},"end":{"line":111,"column":9}},{"start":{"line":111,"column":9},"end":{"line":111,"column":9}}]},"2":{"line":119,"type":"if","locations":[{"start":{"line":119,"column":9},"end":{"line":119,"column":9}},{"start":{"line":119,"column":9},"end":{"line":119,"column":9}}]},"3":{"line":127,"type":"if","locations":[{"start":{"line":127,"column":9},"end":{"line":127,"column":9}},{"start":{"line":127,"column":9},"end":{"line":127,"column":9}}]},"4":{"line":190,"type":"if","locations":[{"start":{"line":190,"column":4},"end":{"line":190,"column":4}},{"start":{"line":190,"column":4},"end":{"line":190,"column":4}}]},"5":{"line":200,"type":"if","locations":[{"start":{"line":200,"column":4},"end":{"line":200,"column":4}},{"start":{"line":200,"column":4},"end":{"line":200,"column":4}}]},"6":{"line":227,"type":"if","locations":[{"start":{"line":227,"column":10},"end":{"line":227,"column":10}},{"start":{"line":227,"column":10},"end":{"line":227,"column":10}}]},"7":{"line":275,"type":"if","locations":[{"start":{"line":275,"column":6},"end":{"line":275,"column":6}},{"start":{"line":275,"column":6},"end":{"line":275,"column":6}}]},"8":{"line":280,"type":"if","locations":[{"start":{"line":280,"column":10},"end":{"line":280,"column":10}},{"start":{"line":280,"column":10},"end":{"line":280,"column":10}}]}}},"contracts/tier2Aave.sol":{"l":{"36":0,"37":0,"38":0,"42":0,"43":0,"44":0,"45":0,"51":0,"52":0,"56":0,"57":0,"58":0,"91":0,"95":0,"99":0,"103":0,"113":0,"114":0,"115":0,"116":0,"117":0,"118":0,"119":0,"120":0,"132":0,"133":0,"134":0,"139":0,"140":0,"141":0,"143":0,"148":0,"149":0,"157":0,"158":0,"160":0,"162":0,"163":0,"164":0,"166":0,"168":0,"170":0,"171":0,"176":0,"177":0,"178":0,"183":0,"184":0,"185":0,"186":0,"192":0,"193":0,"194":0,"196":0,"197":0,"200":0,"207":0,"210":0,"211":0,"213":0,"214":0,"215":0,"216":0,"221":0,"229":0,"230":0,"231":0,"233":0,"236":0,"242":0,"243":0,"245":0,"246":0,"247":0,"251":0,"252":0,"253":0,"257":0,"258":0,"264":0,"265":0,"269":0,"270":0,"274":0,"275":0,"282":0,"283":0,"292":0,"293":0,"296":0,"297":0,"303":0,"310":0},"path":"/Users/mulish/Desktop/plexus/contracts/contracts/tier2Aave.sol","s":{"1":0,"2":0,"3":0,"4":0,"5":0,"6":0,"7":0,"8":0,"9":0,"10":0,"11":0,"12":0,"13":0,"14":0,"15":0,"16":0,"17":0,"18":0,"19":0,"20":0,"21":0,"22":0,"23":0,"24":0,"25":0,"26":0,"27":0,"28":0,"29":0,"30":0,"31":0,"32":0,"33":0,"34":0,"35":0,"36":0,"37":0,"38":0,"39":0,"40":0,"41":0,"42":0,"43":0,"44":0,"45":0,"46":0,"47":0,"48":0,"49":0,"50":0,"51":0,"52":0,"53":0,"54":0,"55":0,"56":0,"57":0,"58":0,"59":0,"60":0,"61":0,"62":0,"63":0,"64":0,"65":0,"66":0,"67":0,"68":0,"69":0,"70":0,"71":0,"72":0,"73":0,"74":0,"75":0,"76":0,"77":0,"78":0,"79":0,"80":0,"81":0,"82":0,"83":0,"84":0,"85":0,"86":0,"87":0,"88":0,"89":0,"90":0,"91":0},"b":{"1":[0,0],"2":[0,0],"3":[0,0],"4":[0,0],"5":[0,0],"6":[0,0],"7":[0,0],"8":[0,0],"9":[0,0],"10":[0,0],"11":[0,0],"12":[0,0],"13":[0,0]},"f":{"1":0,"2":0,"3":0,"4":0,"5":0,"6":0,"7":0,"8":0,"9":0,"10":0,"11":0,"12":0,"13":0,"14":0,"15":0,"16":0,"17":0,"18":0,"19":0,"20":0,"21":0,"22":0},"fnMap":{"1":{"name":"mul","line":35,"loc":{"start":{"line":35,"column":2},"end":{"line":39,"column":2}}},"2":{"name":"div","line":41,"loc":{"start":{"line":41,"column":2},"end":{"line":46,"column":2}}},"3":{"name":"sub","line":50,"loc":{"start":{"line":50,"column":2},"end":{"line":53,"column":2}}},"4":{"name":"add","line":55,"loc":{"start":{"line":55,"column":2},"end":{"line":59,"column":2}}},"5":{"name":"onlyOwner","line":90,"loc":{"start":{"line":90,"column":3},"end":{"line":96,"column":1}}},"6":{"name":"onlyAdmin","line":98,"loc":{"start":{"line":98,"column":2},"end":{"line":104,"column":1}}},"7":{"name":"constructor","line":112,"loc":{"start":{"line":112,"column":2},"end":{"line":122,"column":2}}},"8":{"name":null,"line":125,"loc":{"start":{"line":125,"column":2},"end":{"line":128,"column":2}}},"9":{"name":"updateATokens","line":131,"loc":{"start":{"line":131,"column":0},"end":{"line":135,"column":0}}},"10":{"name":"addOrEditStakingContract","line":137,"loc":{"start":{"line":137,"column":2},"end":{"line":145,"column":2}}},"11":{"name":"updateCommission","line":147,"loc":{"start":{"line":147,"column":2},"end":{"line":150,"column":2}}},"12":{"name":"deposit","line":152,"loc":{"start":{"line":152,"column":2},"end":{"line":172,"column":3}}},"13":{"name":"stake","line":174,"loc":{"start":{"line":174,"column":3},"end":{"line":180,"column":3}}},"14":{"name":"unstake","line":182,"loc":{"start":{"line":182,"column":3},"end":{"line":188,"column":3}}},"15":{"name":"getStakedPoolBalanceByUser","line":191,"loc":{"start":{"line":191,"column":3},"end":{"line":202,"column":4}}},"16":{"name":"withdraw","line":205,"loc":{"start":{"line":205,"column":2},"end":{"line":260,"column":3}}},"17":{"name":"calculateCommission","line":263,"loc":{"start":{"line":263,"column":3},"end":{"line":266,"column":3}}},"18":{"name":"changeOwner","line":268,"loc":{"start":{"line":268,"column":3},"end":{"line":271,"column":3}}},"19":{"name":"changeAdmin","line":273,"loc":{"start":{"line":273,"column":3},"end":{"line":276,"column":3}}},"20":{"name":"getStakedBalance","line":280,"loc":{"start":{"line":280,"column":3},"end":{"line":284,"column":3}}},"21":{"name":"adminEmergencyWithdrawTokens","line":288,"loc":{"start":{"line":288,"column":2},"end":{"line":304,"column":2}}},"22":{"name":"kill","line":308,"loc":{"start":{"line":308,"column":1},"end":{"line":312,"column":1}}}},"statementMap":{"1":{"start":{"line":36,"column":4},"end":{"line":36,"column":21}},"2":{"start":{"line":37,"column":4},"end":{"line":37,"column":31}},"3":{"start":{"line":38,"column":4},"end":{"line":38,"column":12}},"4":{"start":{"line":42,"column":4},"end":{"line":42,"column":16}},"5":{"start":{"line":43,"column":4},"end":{"line":43,"column":21}},"6":{"start":{"line":44,"column":4},"end":{"line":44,"column":29}},"7":{"start":{"line":45,"column":4},"end":{"line":45,"column":12}},"8":{"start":{"line":51,"column":4},"end":{"line":51,"column":17}},"9":{"start":{"line":52,"column":4},"end":{"line":52,"column":16}},"10":{"start":{"line":56,"column":4},"end":{"line":56,"column":21}},"11":{"start":{"line":57,"column":4},"end":{"line":57,"column":17}},"12":{"start":{"line":58,"column":4},"end":{"line":58,"column":12}},"13":{"start":{"line":91,"column":9},"end":{"line":91,"column":2960}},"14":{"start":{"line":99,"column":9},"end":{"line":99,"column":3113}},"15":{"start":{"line":113,"column":8},"end":{"line":113,"column":74}},"16":{"start":{"line":114,"column":8},"end":{"line":114,"column":74}},"17":{"start":{"line":115,"column":8},"end":{"line":115,"column":88}},"18":{"start":{"line":116,"column":8},"end":{"line":116,"column":108}},"19":{"start":{"line":117,"column":8},"end":{"line":117,"column":108}},"20":{"start":{"line":118,"column":8},"end":{"line":118,"column":90}},"21":{"start":{"line":119,"column":8},"end":{"line":119,"column":24}},"22":{"start":{"line":120,"column":8},"end":{"line":120,"column":25}},"23":{"start":{"line":132,"column":4},"end":{"line":132,"column":46}},"24":{"start":{"line":133,"column":4},"end":{"line":133,"column":46}},"25":{"start":{"line":134,"column":4},"end":{"line":134,"column":15}},"26":{"start":{"line":139,"column":4},"end":{"line":139,"column":42}},"27":{"start":{"line":140,"column":4},"end":{"line":140,"column":52}},"28":{"start":{"line":141,"column":4},"end":{"line":141,"column":52}},"29":{"start":{"line":143,"column":4},"end":{"line":143,"column":15}},"30":{"start":{"line":148,"column":6},"end":{"line":148,"column":24}},"31":{"start":{"line":149,"column":6},"end":{"line":149,"column":17}},"32":{"start":{"line":157,"column":8},"end":{"line":157,"column":45}},"33":{"start":{"line":158,"column":8},"end":{"line":158,"column":125}},"34":{"start":{"line":160,"column":8},"end":{"line":160,"column":104}},"35":{"start":{"line":162,"column":8},"end":{"line":162,"column":101}},"36":{"start":{"line":163,"column":8},"end":{"line":163,"column":5112}},"37":{"start":{"line":164,"column":12},"end":{"line":164,"column":84}},"38":{"start":{"line":166,"column":8},"end":{"line":166,"column":47}},"39":{"start":{"line":168,"column":8},"end":{"line":168,"column":84}},"40":{"start":{"line":170,"column":8},"end":{"line":170,"column":54}},"41":{"start":{"line":171,"column":8},"end":{"line":171,"column":19}},"42":{"start":{"line":176,"column":6},"end":{"line":176,"column":83}},"43":{"start":{"line":177,"column":6},"end":{"line":177,"column":59}},"44":{"start":{"line":178,"column":6},"end":{"line":178,"column":17}},"45":{"start":{"line":183,"column":6},"end":{"line":183,"column":56}},"46":{"start":{"line":184,"column":6},"end":{"line":184,"column":84}},"47":{"start":{"line":185,"column":6},"end":{"line":185,"column":82}},"48":{"start":{"line":186,"column":6},"end":{"line":186,"column":17}},"49":{"start":{"line":192,"column":8},"end":{"line":192,"column":85}},"50":{"start":{"line":193,"column":8},"end":{"line":193,"column":58}},"51":{"start":{"line":194,"column":8},"end":{"line":194,"column":62}},"52":{"start":{"line":196,"column":8},"end":{"line":196,"column":130}},"53":{"start":{"line":197,"column":8},"end":{"line":197,"column":116}},"54":{"start":{"line":200,"column":8},"end":{"line":200,"column":45}},"55":{"start":{"line":207,"column":6},"end":{"line":207,"column":43}},"56":{"start":{"line":210,"column":8},"end":{"line":210,"column":6993}},"57":{"start":{"line":211,"column":12},"end":{"line":211,"column":103}},"58":{"start":{"line":213,"column":12},"end":{"line":213,"column":123}},"59":{"start":{"line":214,"column":12},"end":{"line":214,"column":106}},"60":{"start":{"line":215,"column":12},"end":{"line":215,"column":34}},"61":{"start":{"line":216,"column":12},"end":{"line":216,"column":23}},"62":{"start":{"line":221,"column":8},"end":{"line":221,"column":99}},"63":{"start":{"line":229,"column":8},"end":{"line":229,"column":102}},"64":{"start":{"line":230,"column":8},"end":{"line":230,"column":88}},"65":{"start":{"line":231,"column":8},"end":{"line":231,"column":113}},"66":{"start":{"line":233,"column":8},"end":{"line":233,"column":48}},"67":{"start":{"line":236,"column":8},"end":{"line":236,"column":119}},"68":{"start":{"line":242,"column":8},"end":{"line":242,"column":52}},"69":{"start":{"line":243,"column":8},"end":{"line":243,"column":137}},"70":{"start":{"line":245,"column":8},"end":{"line":245,"column":171}},"71":{"start":{"line":246,"column":8},"end":{"line":246,"column":8753}},"72":{"start":{"line":247,"column":12},"end":{"line":247,"column":55}},"73":{"start":{"line":251,"column":8},"end":{"line":251,"column":69}},"74":{"start":{"line":252,"column":8},"end":{"line":252,"column":8956}},"75":{"start":{"line":253,"column":12},"end":{"line":253,"column":63}},"76":{"start":{"line":257,"column":8},"end":{"line":257,"column":57}},"77":{"start":{"line":258,"column":8},"end":{"line":258,"column":19}},"78":{"start":{"line":264,"column":5},"end":{"line":264,"column":80}},"79":{"start":{"line":265,"column":5},"end":{"line":265,"column":28}},"80":{"start":{"line":269,"column":5},"end":{"line":269,"column":20}},"81":{"start":{"line":270,"column":5},"end":{"line":270,"column":16}},"82":{"start":{"line":274,"column":5},"end":{"line":274,"column":20}},"83":{"start":{"line":275,"column":5},"end":{"line":275,"column":16}},"84":{"start":{"line":282,"column":7},"end":{"line":282,"column":57}},"85":{"start":{"line":283,"column":7},"end":{"line":283,"column":38}},"86":{"start":{"line":292,"column":6},"end":{"line":292,"column":9946}},"87":{"start":{"line":293,"column":10},"end":{"line":293,"column":37}},"88":{"start":{"line":296,"column":10},"end":{"line":296,"column":41}},"89":{"start":{"line":297,"column":10},"end":{"line":297,"column":58}},"90":{"start":{"line":303,"column":6},"end":{"line":303,"column":17}},"91":{"start":{"line":310,"column":9},"end":{"line":310,"column":27}}},"branchMap":{"1":{"line":91,"type":"if","locations":[{"start":{"line":91,"column":9},"end":{"line":91,"column":9}},{"start":{"line":91,"column":9},"end":{"line":91,"column":9}}]},"2":{"line":99,"type":"if","locations":[{"start":{"line":99,"column":9},"end":{"line":99,"column":9}},{"start":{"line":99,"column":9},"end":{"line":99,"column":9}}]},"3":{"line":158,"type":"if","locations":[{"start":{"line":158,"column":8},"end":{"line":158,"column":8}},{"start":{"line":158,"column":8},"end":{"line":158,"column":8}}]},"4":{"line":163,"type":"if","locations":[{"start":{"line":163,"column":8},"end":{"line":163,"column":8}},{"start":{"line":163,"column":8},"end":{"line":163,"column":8}}]},"5":{"line":210,"type":"if","locations":[{"start":{"line":210,"column":8},"end":{"line":210,"column":8}},{"start":{"line":210,"column":8},"end":{"line":210,"column":8}}]},"6":{"line":211,"type":"if","locations":[{"start":{"line":211,"column":12},"end":{"line":211,"column":12}},{"start":{"line":211,"column":12},"end":{"line":211,"column":12}}]},"7":{"line":221,"type":"if","locations":[{"start":{"line":221,"column":8},"end":{"line":221,"column":8}},{"start":{"line":221,"column":8},"end":{"line":221,"column":8}}]},"8":{"line":243,"type":"if","locations":[{"start":{"line":243,"column":8},"end":{"line":243,"column":8}},{"start":{"line":243,"column":8},"end":{"line":243,"column":8}}]},"9":{"line":245,"type":"if","locations":[{"start":{"line":245,"column":8},"end":{"line":245,"column":8}},{"start":{"line":245,"column":8},"end":{"line":245,"column":8}}]},"10":{"line":246,"type":"if","locations":[{"start":{"line":246,"column":8},"end":{"line":246,"column":8}},{"start":{"line":246,"column":8},"end":{"line":246,"column":8}}]},"11":{"line":252,"type":"if","locations":[{"start":{"line":252,"column":8},"end":{"line":252,"column":8}},{"start":{"line":252,"column":8},"end":{"line":252,"column":8}}]},"12":{"line":292,"type":"if","locations":[{"start":{"line":292,"column":6},"end":{"line":292,"column":6}},{"start":{"line":292,"column":6},"end":{"line":292,"column":6}}]},"13":{"line":297,"type":"if","locations":[{"start":{"line":297,"column":10},"end":{"line":297,"column":10}},{"start":{"line":297,"column":10},"end":{"line":297,"column":10}}]}}},"contracts/tier2Aggregator.sol":{"l":{"36":0,"37":0,"38":0,"42":0,"43":0,"44":0,"45":0,"51":0,"52":0,"56":0,"57":0,"58":0,"88":0,"92":0,"101":0,"102":0,"103":0,"104":0,"118":0,"119":0,"120":0,"121":0,"126":0,"127":0,"133":0,"135":0,"137":0,"138":0,"139":0,"140":0,"144":0,"145":0,"147":0,"149":0,"150":0,"151":0,"153":0,"155":0,"157":0,"158":0,"163":0,"164":0,"165":0,"170":0,"171":0,"172":0,"173":0,"179":0,"181":0,"183":0,"184":0,"187":0,"194":0,"197":0,"198":0,"200":0,"201":0,"202":0,"203":0,"208":0,"216":0,"217":0,"218":0,"220":0,"223":0,"229":0,"230":0,"232":0,"233":0,"234":0,"238":0,"239":0,"240":0,"244":0,"245":0,"251":0,"252":0,"256":0,"257":0,"263":0,"264":0,"273":0,"274":0,"277":0,"278":0,"284":0,"291":0},"path":"/Users/mulish/Desktop/plexus/contracts/contracts/tier2Aggregator.sol","s":{"1":0,"2":0,"3":0,"4":0,"5":0,"6":0,"7":0,"8":0,"9":0,"10":0,"11":0,"12":0,"13":0,"14":0,"15":0,"16":0,"17":0,"18":0,"19":0,"20":0,"21":0,"22":0,"23":0,"24":0,"25":0,"26":0,"27":0,"28":0,"29":0,"30":0,"31":0,"32":0,"33":0,"34":0,"35":0,"36":0,"37":0,"38":0,"39":0,"40":0,"41":0,"42":0,"43":0,"44":0,"45":0,"46":0,"47":0,"48":0,"49":0,"50":0,"51":0,"52":0,"53":0,"54":0,"55":0,"56":0,"57":0,"58":0,"59":0,"60":0,"61":0,"62":0,"63":0,"64":0,"65":0,"66":0,"67":0,"68":0,"69":0,"70":0,"71":0,"72":0,"73":0,"74":0,"75":0,"76":0,"77":0,"78":0,"79":0,"80":0,"81":0,"82":0,"83":0,"84":0,"85":0,"86":0},"b":{"1":[0,0],"2":[0,0],"3":[0,0],"4":[0,0],"5":[0,0],"6":[0,0],"7":[0,0],"8":[0,0],"9":[0,0],"10":[0,0],"11":[0,0],"12":[0,0],"13":[0,0]},"f":{"1":0,"2":0,"3":0,"4":0,"5":0,"6":0,"7":0,"8":0,"9":0,"10":0,"11":0,"12":0,"13":0,"14":0,"15":0,"16":0,"17":0,"18":0,"19":0},"fnMap":{"1":{"name":"mul","line":35,"loc":{"start":{"line":35,"column":2},"end":{"line":39,"column":2}}},"2":{"name":"div","line":41,"loc":{"start":{"line":41,"column":2},"end":{"line":46,"column":2}}},"3":{"name":"sub","line":50,"loc":{"start":{"line":50,"column":2},"end":{"line":53,"column":2}}},"4":{"name":"add","line":55,"loc":{"start":{"line":55,"column":2},"end":{"line":59,"column":2}}},"5":{"name":"onlyOwner","line":87,"loc":{"start":{"line":87,"column":2},"end":{"line":93,"column":1}}},"6":{"name":"constructor","line":100,"loc":{"start":{"line":100,"column":2},"end":{"line":106,"column":2}}},"7":{"name":null,"line":109,"loc":{"start":{"line":109,"column":2},"end":{"line":112,"column":2}}},"8":{"name":"addOrEditStakingContract","line":116,"loc":{"start":{"line":116,"column":2},"end":{"line":123,"column":2}}},"9":{"name":"updateCommission","line":125,"loc":{"start":{"line":125,"column":2},"end":{"line":128,"column":2}}},"10":{"name":"deposit","line":130,"loc":{"start":{"line":130,"column":2},"end":{"line":159,"column":3}}},"11":{"name":"stake","line":161,"loc":{"start":{"line":161,"column":3},"end":{"line":167,"column":3}}},"12":{"name":"unstake","line":169,"loc":{"start":{"line":169,"column":3},"end":{"line":175,"column":3}}},"13":{"name":"getStakedPoolBalanceByUser","line":178,"loc":{"start":{"line":178,"column":3},"end":{"line":189,"column":4}}},"14":{"name":"withdraw","line":192,"loc":{"start":{"line":192,"column":2},"end":{"line":247,"column":3}}},"15":{"name":"calculateCommission","line":250,"loc":{"start":{"line":250,"column":3},"end":{"line":253,"column":3}}},"16":{"name":"changeOwner","line":255,"loc":{"start":{"line":255,"column":3},"end":{"line":258,"column":3}}},"17":{"name":"getStakedBalance","line":261,"loc":{"start":{"line":261,"column":3},"end":{"line":265,"column":3}}},"18":{"name":"adminEmergencyWithdrawTokens","line":269,"loc":{"start":{"line":269,"column":2},"end":{"line":285,"column":2}}},"19":{"name":"kill","line":289,"loc":{"start":{"line":289,"column":1},"end":{"line":293,"column":1}}}},"statementMap":{"1":{"start":{"line":36,"column":4},"end":{"line":36,"column":21}},"2":{"start":{"line":37,"column":4},"end":{"line":37,"column":31}},"3":{"start":{"line":38,"column":4},"end":{"line":38,"column":12}},"4":{"start":{"line":42,"column":4},"end":{"line":42,"column":16}},"5":{"start":{"line":43,"column":4},"end":{"line":43,"column":21}},"6":{"start":{"line":44,"column":4},"end":{"line":44,"column":29}},"7":{"start":{"line":45,"column":4},"end":{"line":45,"column":12}},"8":{"start":{"line":51,"column":4},"end":{"line":51,"column":17}},"9":{"start":{"line":52,"column":4},"end":{"line":52,"column":16}},"10":{"start":{"line":56,"column":4},"end":{"line":56,"column":21}},"11":{"start":{"line":57,"column":4},"end":{"line":57,"column":17}},"12":{"start":{"line":58,"column":4},"end":{"line":58,"column":12}},"13":{"start":{"line":88,"column":9},"end":{"line":88,"column":2565}},"14":{"start":{"line":101,"column":8},"end":{"line":101,"column":85}},"15":{"start":{"line":102,"column":8},"end":{"line":102,"column":98}},"16":{"start":{"line":103,"column":8},"end":{"line":103,"column":110}},"17":{"start":{"line":104,"column":8},"end":{"line":104,"column":24}},"18":{"start":{"line":118,"column":4},"end":{"line":118,"column":42}},"19":{"start":{"line":119,"column":4},"end":{"line":119,"column":52}},"20":{"start":{"line":120,"column":4},"end":{"line":120,"column":52}},"21":{"start":{"line":121,"column":4},"end":{"line":121,"column":15}},"22":{"start":{"line":126,"column":6},"end":{"line":126,"column":24}},"23":{"start":{"line":127,"column":6},"end":{"line":127,"column":17}},"24":{"start":{"line":133,"column":7},"end":{"line":133,"column":3666}},"25":{"start":{"line":135,"column":12},"end":{"line":135,"column":109}},"26":{"start":{"line":137,"column":13},"end":{"line":137,"column":52}},"27":{"start":{"line":138,"column":13},"end":{"line":138,"column":89}},"28":{"start":{"line":139,"column":13},"end":{"line":139,"column":59}},"29":{"start":{"line":140,"column":12},"end":{"line":140,"column":23}},"30":{"start":{"line":144,"column":8},"end":{"line":144,"column":45}},"31":{"start":{"line":145,"column":8},"end":{"line":145,"column":125}},"32":{"start":{"line":147,"column":8},"end":{"line":147,"column":102}},"33":{"start":{"line":149,"column":8},"end":{"line":149,"column":101}},"34":{"start":{"line":150,"column":8},"end":{"line":150,"column":4482}},"35":{"start":{"line":151,"column":12},"end":{"line":151,"column":84}},"36":{"start":{"line":153,"column":8},"end":{"line":153,"column":47}},"37":{"start":{"line":155,"column":8},"end":{"line":155,"column":84}},"38":{"start":{"line":157,"column":8},"end":{"line":157,"column":54}},"39":{"start":{"line":158,"column":8},"end":{"line":158,"column":19}},"40":{"start":{"line":163,"column":6},"end":{"line":163,"column":83}},"41":{"start":{"line":164,"column":6},"end":{"line":164,"column":27}},"42":{"start":{"line":165,"column":6},"end":{"line":165,"column":17}},"43":{"start":{"line":170,"column":6},"end":{"line":170,"column":84}},"44":{"start":{"line":171,"column":6},"end":{"line":171,"column":86}},"45":{"start":{"line":172,"column":6},"end":{"line":172,"column":25}},"46":{"start":{"line":173,"column":6},"end":{"line":173,"column":17}},"47":{"start":{"line":179,"column":8},"end":{"line":179,"column":85}},"48":{"start":{"line":181,"column":8},"end":{"line":181,"column":62}},"49":{"start":{"line":183,"column":8},"end":{"line":183,"column":130}},"50":{"start":{"line":184,"column":8},"end":{"line":184,"column":116}},"51":{"start":{"line":187,"column":8},"end":{"line":187,"column":45}},"52":{"start":{"line":194,"column":6},"end":{"line":194,"column":43}},"53":{"start":{"line":197,"column":8},"end":{"line":197,"column":6246}},"54":{"start":{"line":198,"column":12},"end":{"line":198,"column":103}},"55":{"start":{"line":200,"column":12},"end":{"line":200,"column":123}},"56":{"start":{"line":201,"column":12},"end":{"line":201,"column":106}},"57":{"start":{"line":202,"column":12},"end":{"line":202,"column":34}},"58":{"start":{"line":203,"column":12},"end":{"line":203,"column":23}},"59":{"start":{"line":208,"column":8},"end":{"line":208,"column":99}},"60":{"start":{"line":216,"column":8},"end":{"line":216,"column":102}},"61":{"start":{"line":217,"column":8},"end":{"line":217,"column":88}},"62":{"start":{"line":218,"column":8},"end":{"line":218,"column":113}},"63":{"start":{"line":220,"column":8},"end":{"line":220,"column":48}},"64":{"start":{"line":223,"column":8},"end":{"line":223,"column":119}},"65":{"start":{"line":229,"column":8},"end":{"line":229,"column":52}},"66":{"start":{"line":230,"column":8},"end":{"line":230,"column":137}},"67":{"start":{"line":232,"column":8},"end":{"line":232,"column":171}},"68":{"start":{"line":233,"column":8},"end":{"line":233,"column":8006}},"69":{"start":{"line":234,"column":12},"end":{"line":234,"column":55}},"70":{"start":{"line":238,"column":8},"end":{"line":238,"column":69}},"71":{"start":{"line":239,"column":8},"end":{"line":239,"column":8209}},"72":{"start":{"line":240,"column":12},"end":{"line":240,"column":63}},"73":{"start":{"line":244,"column":8},"end":{"line":244,"column":57}},"74":{"start":{"line":245,"column":8},"end":{"line":245,"column":19}},"75":{"start":{"line":251,"column":5},"end":{"line":251,"column":80}},"76":{"start":{"line":252,"column":5},"end":{"line":252,"column":28}},"77":{"start":{"line":256,"column":5},"end":{"line":256,"column":20}},"78":{"start":{"line":257,"column":5},"end":{"line":257,"column":16}},"79":{"start":{"line":263,"column":7},"end":{"line":263,"column":84}},"80":{"start":{"line":264,"column":7},"end":{"line":264,"column":38}},"81":{"start":{"line":273,"column":6},"end":{"line":273,"column":9095}},"82":{"start":{"line":274,"column":10},"end":{"line":274,"column":37}},"83":{"start":{"line":277,"column":10},"end":{"line":277,"column":41}},"84":{"start":{"line":278,"column":10},"end":{"line":278,"column":58}},"85":{"start":{"line":284,"column":6},"end":{"line":284,"column":17}},"86":{"start":{"line":291,"column":9},"end":{"line":291,"column":27}}},"branchMap":{"1":{"line":88,"type":"if","locations":[{"start":{"line":88,"column":9},"end":{"line":88,"column":9}},{"start":{"line":88,"column":9},"end":{"line":88,"column":9}}]},"2":{"line":133,"type":"if","locations":[{"start":{"line":133,"column":7},"end":{"line":133,"column":7}},{"start":{"line":133,"column":7},"end":{"line":133,"column":7}}]},"3":{"line":145,"type":"if","locations":[{"start":{"line":145,"column":8},"end":{"line":145,"column":8}},{"start":{"line":145,"column":8},"end":{"line":145,"column":8}}]},"4":{"line":150,"type":"if","locations":[{"start":{"line":150,"column":8},"end":{"line":150,"column":8}},{"start":{"line":150,"column":8},"end":{"line":150,"column":8}}]},"5":{"line":197,"type":"if","locations":[{"start":{"line":197,"column":8},"end":{"line":197,"column":8}},{"start":{"line":197,"column":8},"end":{"line":197,"column":8}}]},"6":{"line":198,"type":"if","locations":[{"start":{"line":198,"column":12},"end":{"line":198,"column":12}},{"start":{"line":198,"column":12},"end":{"line":198,"column":12}}]},"7":{"line":208,"type":"if","locations":[{"start":{"line":208,"column":8},"end":{"line":208,"column":8}},{"start":{"line":208,"column":8},"end":{"line":208,"column":8}}]},"8":{"line":230,"type":"if","locations":[{"start":{"line":230,"column":8},"end":{"line":230,"column":8}},{"start":{"line":230,"column":8},"end":{"line":230,"column":8}}]},"9":{"line":232,"type":"if","locations":[{"start":{"line":232,"column":8},"end":{"line":232,"column":8}},{"start":{"line":232,"column":8},"end":{"line":232,"column":8}}]},"10":{"line":233,"type":"if","locations":[{"start":{"line":233,"column":8},"end":{"line":233,"column":8}},{"start":{"line":233,"column":8},"end":{"line":233,"column":8}}]},"11":{"line":239,"type":"if","locations":[{"start":{"line":239,"column":8},"end":{"line":239,"column":8}},{"start":{"line":239,"column":8},"end":{"line":239,"column":8}}]},"12":{"line":273,"type":"if","locations":[{"start":{"line":273,"column":6},"end":{"line":273,"column":6}},{"start":{"line":273,"column":6},"end":{"line":273,"column":6}}]},"13":{"line":278,"type":"if","locations":[{"start":{"line":278,"column":10},"end":{"line":278,"column":10}},{"start":{"line":278,"column":10},"end":{"line":278,"column":10}}]}}},"contracts/tier2Farm.sol":{"l":{"36":4,"37":4,"38":4,"42":2,"43":2,"44":2,"45":2,"51":0,"52":0,"56":1,"57":1,"58":1,"88":1,"92":0,"98":27,"99":27,"100":27,"101":27,"115":0,"116":0,"117":0,"118":0,"123":0,"124":0,"130":1,"132":0,"134":0,"135":0,"136":0,"137":0,"141":1,"142":1,"144":1,"146":1,"147":1,"148":1,"150":1,"152":1,"154":1,"155":1,"160":1,"161":1,"162":1,"167":0,"168":0,"169":0,"175":1,"177":1,"179":1,"180":1,"183":1,"190":0,"193":0,"194":0,"196":0,"197":0,"198":0,"199":0,"204":0,"212":0,"213":0,"214":0,"216":0,"219":0,"225":0,"226":0,"228":0,"229":0,"230":0,"234":0,"235":0,"236":0,"240":0,"241":0,"247":0,"248":0,"252":0,"253":0,"259":0,"260":0,"269":0,"270":0,"273":0,"274":0,"280":0,"287":0},"path":"/Users/mulish/Desktop/plexus/contracts/contracts/tier2Farm.sol","s":{"1":4,"2":4,"3":4,"4":2,"5":2,"6":2,"7":2,"8":0,"9":0,"10":1,"11":1,"12":1,"13":1,"14":27,"15":27,"16":27,"17":27,"18":0,"19":0,"20":0,"21":0,"22":0,"23":0,"24":1,"25":0,"26":0,"27":0,"28":0,"29":0,"30":1,"31":1,"32":1,"33":1,"34":1,"35":1,"36":1,"37":1,"38":1,"39":1,"40":1,"41":1,"42":1,"43":0,"44":0,"45":0,"46":1,"47":1,"48":1,"49":1,"50":1,"51":0,"52":0,"53":0,"54":0,"55":0,"56":0,"57":0,"58":0,"59":0,"60":0,"61":0,"62":0,"63":0,"64":0,"65":0,"66":0,"67":0,"68":0,"69":0,"70":0,"71":0,"72":0,"73":0,"74":0,"75":0,"76":0,"77":0,"78":0,"79":0,"80":0,"81":0,"82":0,"83":0,"84":0,"85":0},"b":{"1":[0,1],"2":[0,1],"3":[1,0],"4":[1,0],"5":[0,0],"6":[0,0],"7":[0,0],"8":[0,0],"9":[0,0],"10":[0,0],"11":[0,0],"12":[0,0],"13":[0,0]},"f":{"1":4,"2":2,"3":0,"4":1,"5":1,"6":27,"7":0,"8":0,"9":0,"10":1,"11":1,"12":0,"13":1,"14":0,"15":0,"16":0,"17":0,"18":0,"19":0},"fnMap":{"1":{"name":"mul","line":35,"loc":{"start":{"line":35,"column":2},"end":{"line":39,"column":2}}},"2":{"name":"div","line":41,"loc":{"start":{"line":41,"column":2},"end":{"line":46,"column":2}}},"3":{"name":"sub","line":50,"loc":{"start":{"line":50,"column":2},"end":{"line":53,"column":2}}},"4":{"name":"add","line":55,"loc":{"start":{"line":55,"column":2},"end":{"line":59,"column":2}}},"5":{"name":"onlyOwner","line":87,"loc":{"start":{"line":87,"column":2},"end":{"line":93,"column":2}}},"6":{"name":"constructor","line":97,"loc":{"start":{"line":97,"column":2},"end":{"line":103,"column":2}}},"7":{"name":null,"line":106,"loc":{"start":{"line":106,"column":2},"end":{"line":109,"column":2}}},"8":{"name":"addOrEditStakingContract","line":113,"loc":{"start":{"line":113,"column":2},"end":{"line":120,"column":2}}},"9":{"name":"updateCommission","line":122,"loc":{"start":{"line":122,"column":2},"end":{"line":125,"column":2}}},"10":{"name":"deposit","line":127,"loc":{"start":{"line":127,"column":2},"end":{"line":156,"column":3}}},"11":{"name":"stake","line":158,"loc":{"start":{"line":158,"column":3},"end":{"line":164,"column":3}}},"12":{"name":"unstake","line":166,"loc":{"start":{"line":166,"column":3},"end":{"line":171,"column":3}}},"13":{"name":"getStakedPoolBalanceByUser","line":174,"loc":{"start":{"line":174,"column":3},"end":{"line":185,"column":4}}},"14":{"name":"withdraw","line":188,"loc":{"start":{"line":188,"column":2},"end":{"line":243,"column":3}}},"15":{"name":"calculateCommission","line":246,"loc":{"start":{"line":246,"column":3},"end":{"line":249,"column":3}}},"16":{"name":"changeOwner","line":251,"loc":{"start":{"line":251,"column":3},"end":{"line":254,"column":3}}},"17":{"name":"getStakedBalance","line":257,"loc":{"start":{"line":257,"column":3},"end":{"line":261,"column":3}}},"18":{"name":"adminEmergencyWithdrawTokens","line":265,"loc":{"start":{"line":265,"column":2},"end":{"line":281,"column":2}}},"19":{"name":"kill","line":285,"loc":{"start":{"line":285,"column":1},"end":{"line":289,"column":1}}}},"statementMap":{"1":{"start":{"line":36,"column":4},"end":{"line":36,"column":21}},"2":{"start":{"line":37,"column":4},"end":{"line":37,"column":31}},"3":{"start":{"line":38,"column":4},"end":{"line":38,"column":12}},"4":{"start":{"line":42,"column":4},"end":{"line":42,"column":16}},"5":{"start":{"line":43,"column":4},"end":{"line":43,"column":21}},"6":{"start":{"line":44,"column":4},"end":{"line":44,"column":29}},"7":{"start":{"line":45,"column":4},"end":{"line":45,"column":12}},"8":{"start":{"line":51,"column":4},"end":{"line":51,"column":17}},"9":{"start":{"line":52,"column":4},"end":{"line":52,"column":16}},"10":{"start":{"line":56,"column":4},"end":{"line":56,"column":21}},"11":{"start":{"line":57,"column":4},"end":{"line":57,"column":17}},"12":{"start":{"line":58,"column":4},"end":{"line":58,"column":12}},"13":{"start":{"line":88,"column":9},"end":{"line":88,"column":2635}},"14":{"start":{"line":98,"column":8},"end":{"line":98,"column":76}},"15":{"start":{"line":99,"column":8},"end":{"line":99,"column":89}},"16":{"start":{"line":100,"column":8},"end":{"line":100,"column":92}},"17":{"start":{"line":101,"column":8},"end":{"line":101,"column":24}},"18":{"start":{"line":115,"column":4},"end":{"line":115,"column":42}},"19":{"start":{"line":116,"column":4},"end":{"line":116,"column":52}},"20":{"start":{"line":117,"column":4},"end":{"line":117,"column":52}},"21":{"start":{"line":118,"column":4},"end":{"line":118,"column":15}},"22":{"start":{"line":123,"column":6},"end":{"line":123,"column":24}},"23":{"start":{"line":124,"column":6},"end":{"line":124,"column":17}},"24":{"start":{"line":130,"column":7},"end":{"line":130,"column":3688}},"25":{"start":{"line":132,"column":12},"end":{"line":132,"column":109}},"26":{"start":{"line":134,"column":13},"end":{"line":134,"column":52}},"27":{"start":{"line":135,"column":13},"end":{"line":135,"column":89}},"28":{"start":{"line":136,"column":13},"end":{"line":136,"column":59}},"29":{"start":{"line":137,"column":12},"end":{"line":137,"column":23}},"30":{"start":{"line":141,"column":8},"end":{"line":141,"column":45}},"31":{"start":{"line":142,"column":8},"end":{"line":142,"column":125}},"32":{"start":{"line":144,"column":8},"end":{"line":144,"column":102}},"33":{"start":{"line":146,"column":8},"end":{"line":146,"column":101}},"34":{"start":{"line":147,"column":8},"end":{"line":147,"column":4504}},"35":{"start":{"line":148,"column":12},"end":{"line":148,"column":84}},"36":{"start":{"line":150,"column":8},"end":{"line":150,"column":47}},"37":{"start":{"line":152,"column":8},"end":{"line":152,"column":84}},"38":{"start":{"line":154,"column":8},"end":{"line":154,"column":54}},"39":{"start":{"line":155,"column":8},"end":{"line":155,"column":19}},"40":{"start":{"line":160,"column":6},"end":{"line":160,"column":83}},"41":{"start":{"line":161,"column":6},"end":{"line":161,"column":25}},"42":{"start":{"line":162,"column":6},"end":{"line":162,"column":17}},"43":{"start":{"line":167,"column":6},"end":{"line":167,"column":84}},"44":{"start":{"line":168,"column":6},"end":{"line":168,"column":18}},"45":{"start":{"line":169,"column":6},"end":{"line":169,"column":17}},"46":{"start":{"line":175,"column":8},"end":{"line":175,"column":85}},"47":{"start":{"line":177,"column":8},"end":{"line":177,"column":62}},"48":{"start":{"line":179,"column":8},"end":{"line":179,"column":130}},"49":{"start":{"line":180,"column":8},"end":{"line":180,"column":116}},"50":{"start":{"line":183,"column":8},"end":{"line":183,"column":45}},"51":{"start":{"line":190,"column":6},"end":{"line":190,"column":43}},"52":{"start":{"line":193,"column":8},"end":{"line":193,"column":6170}},"53":{"start":{"line":194,"column":12},"end":{"line":194,"column":103}},"54":{"start":{"line":196,"column":12},"end":{"line":196,"column":123}},"55":{"start":{"line":197,"column":12},"end":{"line":197,"column":106}},"56":{"start":{"line":198,"column":12},"end":{"line":198,"column":34}},"57":{"start":{"line":199,"column":12},"end":{"line":199,"column":23}},"58":{"start":{"line":204,"column":8},"end":{"line":204,"column":99}},"59":{"start":{"line":212,"column":8},"end":{"line":212,"column":102}},"60":{"start":{"line":213,"column":8},"end":{"line":213,"column":88}},"61":{"start":{"line":214,"column":8},"end":{"line":214,"column":113}},"62":{"start":{"line":216,"column":8},"end":{"line":216,"column":48}},"63":{"start":{"line":219,"column":8},"end":{"line":219,"column":119}},"64":{"start":{"line":225,"column":8},"end":{"line":225,"column":52}},"65":{"start":{"line":226,"column":8},"end":{"line":226,"column":137}},"66":{"start":{"line":228,"column":8},"end":{"line":228,"column":171}},"67":{"start":{"line":229,"column":8},"end":{"line":229,"column":7930}},"68":{"start":{"line":230,"column":12},"end":{"line":230,"column":55}},"69":{"start":{"line":234,"column":8},"end":{"line":234,"column":69}},"70":{"start":{"line":235,"column":8},"end":{"line":235,"column":8133}},"71":{"start":{"line":236,"column":12},"end":{"line":236,"column":63}},"72":{"start":{"line":240,"column":8},"end":{"line":240,"column":57}},"73":{"start":{"line":241,"column":8},"end":{"line":241,"column":19}},"74":{"start":{"line":247,"column":5},"end":{"line":247,"column":80}},"75":{"start":{"line":248,"column":5},"end":{"line":248,"column":28}},"76":{"start":{"line":252,"column":5},"end":{"line":252,"column":20}},"77":{"start":{"line":253,"column":5},"end":{"line":253,"column":16}},"78":{"start":{"line":259,"column":7},"end":{"line":259,"column":84}},"79":{"start":{"line":260,"column":7},"end":{"line":260,"column":38}},"80":{"start":{"line":269,"column":6},"end":{"line":269,"column":9019}},"81":{"start":{"line":270,"column":10},"end":{"line":270,"column":37}},"82":{"start":{"line":273,"column":10},"end":{"line":273,"column":41}},"83":{"start":{"line":274,"column":10},"end":{"line":274,"column":58}},"84":{"start":{"line":280,"column":6},"end":{"line":280,"column":17}},"85":{"start":{"line":287,"column":9},"end":{"line":287,"column":27}}},"branchMap":{"1":{"line":88,"type":"if","locations":[{"start":{"line":88,"column":9},"end":{"line":88,"column":9}},{"start":{"line":88,"column":9},"end":{"line":88,"column":9}}]},"2":{"line":130,"type":"if","locations":[{"start":{"line":130,"column":7},"end":{"line":130,"column":7}},{"start":{"line":130,"column":7},"end":{"line":130,"column":7}}]},"3":{"line":142,"type":"if","locations":[{"start":{"line":142,"column":8},"end":{"line":142,"column":8}},{"start":{"line":142,"column":8},"end":{"line":142,"column":8}}]},"4":{"line":147,"type":"if","locations":[{"start":{"line":147,"column":8},"end":{"line":147,"column":8}},{"start":{"line":147,"column":8},"end":{"line":147,"column":8}}]},"5":{"line":193,"type":"if","locations":[{"start":{"line":193,"column":8},"end":{"line":193,"column":8}},{"start":{"line":193,"column":8},"end":{"line":193,"column":8}}]},"6":{"line":194,"type":"if","locations":[{"start":{"line":194,"column":12},"end":{"line":194,"column":12}},{"start":{"line":194,"column":12},"end":{"line":194,"column":12}}]},"7":{"line":204,"type":"if","locations":[{"start":{"line":204,"column":8},"end":{"line":204,"column":8}},{"start":{"line":204,"column":8},"end":{"line":204,"column":8}}]},"8":{"line":226,"type":"if","locations":[{"start":{"line":226,"column":8},"end":{"line":226,"column":8}},{"start":{"line":226,"column":8},"end":{"line":226,"column":8}}]},"9":{"line":228,"type":"if","locations":[{"start":{"line":228,"column":8},"end":{"line":228,"column":8}},{"start":{"line":228,"column":8},"end":{"line":228,"column":8}}]},"10":{"line":229,"type":"if","locations":[{"start":{"line":229,"column":8},"end":{"line":229,"column":8}},{"start":{"line":229,"column":8},"end":{"line":229,"column":8}}]},"11":{"line":235,"type":"if","locations":[{"start":{"line":235,"column":8},"end":{"line":235,"column":8}},{"start":{"line":235,"column":8},"end":{"line":235,"column":8}}]},"12":{"line":269,"type":"if","locations":[{"start":{"line":269,"column":6},"end":{"line":269,"column":6}},{"start":{"line":269,"column":6},"end":{"line":269,"column":6}}]},"13":{"line":274,"type":"if","locations":[{"start":{"line":274,"column":10},"end":{"line":274,"column":10}},{"start":{"line":274,"column":10},"end":{"line":274,"column":10}}]}}},"contracts/tier2Pickle.sol":{"l":{"37":0,"38":0,"39":0,"43":0,"44":0,"45":0,"46":0,"52":0,"53":0,"57":0,"58":0,"59":0,"89":0,"93":0,"102":0,"103":0,"104":0,"105":0,"119":0,"120":0,"121":0,"122":0,"127":0,"128":0,"134":0,"136":0,"138":0,"139":0,"140":0,"141":0,"145":0,"146":0,"148":0,"150":0,"151":0,"152":0,"154":0,"156":0,"158":0,"159":0,"164":0,"165":0,"166":0,"171":0,"172":0,"173":0,"174":0,"180":0,"182":0,"184":0,"185":0,"188":0,"195":0,"198":0,"199":0,"201":0,"202":0,"203":0,"204":0,"209":0,"217":0,"218":0,"219":0,"221":0,"224":0,"230":0,"231":0,"233":0,"234":0,"235":0,"239":0,"240":0,"241":0,"245":0,"246":0,"252":0,"253":0,"257":0,"258":0,"264":0,"265":0,"274":0,"275":0,"278":0,"279":0,"285":0,"292":0},"path":"/Users/mulish/Desktop/plexus/contracts/contracts/tier2Pickle.sol","s":{"1":0,"2":0,"3":0,"4":0,"5":0,"6":0,"7":0,"8":0,"9":0,"10":0,"11":0,"12":0,"13":0,"14":0,"15":0,"16":0,"17":0,"18":0,"19":0,"20":0,"21":0,"22":0,"23":0,"24":0,"25":0,"26":0,"27":0,"28":0,"29":0,"30":0,"31":0,"32":0,"33":0,"34":0,"35":0,"36":0,"37":0,"38":0,"39":0,"40":0,"41":0,"42":0,"43":0,"44":0,"45":0,"46":0,"47":0,"48":0,"49":0,"50":0,"51":0,"52":0,"53":0,"54":0,"55":0,"56":0,"57":0,"58":0,"59":0,"60":0,"61":0,"62":0,"63":0,"64":0,"65":0,"66":0,"67":0,"68":0,"69":0,"70":0,"71":0,"72":0,"73":0,"74":0,"75":0,"76":0,"77":0,"78":0,"79":0,"80":0,"81":0,"82":0,"83":0,"84":0,"85":0,"86":0},"b":{"1":[0,0],"2":[0,0],"3":[0,0],"4":[0,0],"5":[0,0],"6":[0,0],"7":[0,0],"8":[0,0],"9":[0,0],"10":[0,0],"11":[0,0],"12":[0,0],"13":[0,0]},"f":{"1":0,"2":0,"3":0,"4":0,"5":0,"6":0,"7":0,"8":0,"9":0,"10":0,"11":0,"12":0,"13":0,"14":0,"15":0,"16":0,"17":0,"18":0,"19":0},"fnMap":{"1":{"name":"mul","line":36,"loc":{"start":{"line":36,"column":2},"end":{"line":40,"column":2}}},"2":{"name":"div","line":42,"loc":{"start":{"line":42,"column":2},"end":{"line":47,"column":2}}},"3":{"name":"sub","line":51,"loc":{"start":{"line":51,"column":2},"end":{"line":54,"column":2}}},"4":{"name":"add","line":56,"loc":{"start":{"line":56,"column":2},"end":{"line":60,"column":2}}},"5":{"name":"onlyOwner","line":88,"loc":{"start":{"line":88,"column":2},"end":{"line":94,"column":1}}},"6":{"name":"constructor","line":101,"loc":{"start":{"line":101,"column":2},"end":{"line":107,"column":2}}},"7":{"name":null,"line":110,"loc":{"start":{"line":110,"column":2},"end":{"line":113,"column":2}}},"8":{"name":"addOrEditStakingContract","line":117,"loc":{"start":{"line":117,"column":2},"end":{"line":124,"column":2}}},"9":{"name":"updateCommission","line":126,"loc":{"start":{"line":126,"column":2},"end":{"line":129,"column":2}}},"10":{"name":"deposit","line":131,"loc":{"start":{"line":131,"column":2},"end":{"line":160,"column":3}}},"11":{"name":"stake","line":162,"loc":{"start":{"line":162,"column":3},"end":{"line":168,"column":3}}},"12":{"name":"unstake","line":170,"loc":{"start":{"line":170,"column":3},"end":{"line":176,"column":3}}},"13":{"name":"getStakedPoolBalanceByUser","line":179,"loc":{"start":{"line":179,"column":3},"end":{"line":190,"column":4}}},"14":{"name":"withdraw","line":193,"loc":{"start":{"line":193,"column":2},"end":{"line":248,"column":3}}},"15":{"name":"calculateCommission","line":251,"loc":{"start":{"line":251,"column":3},"end":{"line":254,"column":3}}},"16":{"name":"changeOwner","line":256,"loc":{"start":{"line":256,"column":3},"end":{"line":259,"column":3}}},"17":{"name":"getStakedBalance","line":262,"loc":{"start":{"line":262,"column":3},"end":{"line":266,"column":3}}},"18":{"name":"adminEmergencyWithdrawTokens","line":270,"loc":{"start":{"line":270,"column":2},"end":{"line":286,"column":2}}},"19":{"name":"kill","line":290,"loc":{"start":{"line":290,"column":1},"end":{"line":294,"column":1}}}},"statementMap":{"1":{"start":{"line":37,"column":4},"end":{"line":37,"column":21}},"2":{"start":{"line":38,"column":4},"end":{"line":38,"column":31}},"3":{"start":{"line":39,"column":4},"end":{"line":39,"column":12}},"4":{"start":{"line":43,"column":4},"end":{"line":43,"column":16}},"5":{"start":{"line":44,"column":4},"end":{"line":44,"column":21}},"6":{"start":{"line":45,"column":4},"end":{"line":45,"column":29}},"7":{"start":{"line":46,"column":4},"end":{"line":46,"column":12}},"8":{"start":{"line":52,"column":4},"end":{"line":52,"column":17}},"9":{"start":{"line":53,"column":4},"end":{"line":53,"column":16}},"10":{"start":{"line":57,"column":4},"end":{"line":57,"column":21}},"11":{"start":{"line":58,"column":4},"end":{"line":58,"column":17}},"12":{"start":{"line":59,"column":4},"end":{"line":59,"column":12}},"13":{"start":{"line":89,"column":9},"end":{"line":89,"column":2677}},"14":{"start":{"line":102,"column":8},"end":{"line":102,"column":85}},"15":{"start":{"line":103,"column":8},"end":{"line":103,"column":98}},"16":{"start":{"line":104,"column":8},"end":{"line":104,"column":110}},"17":{"start":{"line":105,"column":8},"end":{"line":105,"column":24}},"18":{"start":{"line":119,"column":4},"end":{"line":119,"column":42}},"19":{"start":{"line":120,"column":4},"end":{"line":120,"column":52}},"20":{"start":{"line":121,"column":4},"end":{"line":121,"column":52}},"21":{"start":{"line":122,"column":4},"end":{"line":122,"column":15}},"22":{"start":{"line":127,"column":6},"end":{"line":127,"column":24}},"23":{"start":{"line":128,"column":6},"end":{"line":128,"column":17}},"24":{"start":{"line":134,"column":7},"end":{"line":134,"column":3778}},"25":{"start":{"line":136,"column":12},"end":{"line":136,"column":109}},"26":{"start":{"line":138,"column":13},"end":{"line":138,"column":52}},"27":{"start":{"line":139,"column":13},"end":{"line":139,"column":89}},"28":{"start":{"line":140,"column":13},"end":{"line":140,"column":59}},"29":{"start":{"line":141,"column":12},"end":{"line":141,"column":23}},"30":{"start":{"line":145,"column":8},"end":{"line":145,"column":45}},"31":{"start":{"line":146,"column":8},"end":{"line":146,"column":125}},"32":{"start":{"line":148,"column":8},"end":{"line":148,"column":102}},"33":{"start":{"line":150,"column":8},"end":{"line":150,"column":101}},"34":{"start":{"line":151,"column":8},"end":{"line":151,"column":4594}},"35":{"start":{"line":152,"column":12},"end":{"line":152,"column":84}},"36":{"start":{"line":154,"column":8},"end":{"line":154,"column":47}},"37":{"start":{"line":156,"column":8},"end":{"line":156,"column":84}},"38":{"start":{"line":158,"column":8},"end":{"line":158,"column":54}},"39":{"start":{"line":159,"column":8},"end":{"line":159,"column":19}},"40":{"start":{"line":164,"column":6},"end":{"line":164,"column":83}},"41":{"start":{"line":165,"column":6},"end":{"line":165,"column":27}},"42":{"start":{"line":166,"column":6},"end":{"line":166,"column":17}},"43":{"start":{"line":171,"column":6},"end":{"line":171,"column":84}},"44":{"start":{"line":172,"column":6},"end":{"line":172,"column":86}},"45":{"start":{"line":173,"column":6},"end":{"line":173,"column":25}},"46":{"start":{"line":174,"column":6},"end":{"line":174,"column":17}},"47":{"start":{"line":180,"column":8},"end":{"line":180,"column":85}},"48":{"start":{"line":182,"column":8},"end":{"line":182,"column":62}},"49":{"start":{"line":184,"column":8},"end":{"line":184,"column":130}},"50":{"start":{"line":185,"column":8},"end":{"line":185,"column":116}},"51":{"start":{"line":188,"column":8},"end":{"line":188,"column":45}},"52":{"start":{"line":195,"column":6},"end":{"line":195,"column":43}},"53":{"start":{"line":198,"column":8},"end":{"line":198,"column":6358}},"54":{"start":{"line":199,"column":12},"end":{"line":199,"column":103}},"55":{"start":{"line":201,"column":12},"end":{"line":201,"column":123}},"56":{"start":{"line":202,"column":12},"end":{"line":202,"column":106}},"57":{"start":{"line":203,"column":12},"end":{"line":203,"column":34}},"58":{"start":{"line":204,"column":12},"end":{"line":204,"column":23}},"59":{"start":{"line":209,"column":8},"end":{"line":209,"column":99}},"60":{"start":{"line":217,"column":8},"end":{"line":217,"column":102}},"61":{"start":{"line":218,"column":8},"end":{"line":218,"column":88}},"62":{"start":{"line":219,"column":8},"end":{"line":219,"column":113}},"63":{"start":{"line":221,"column":8},"end":{"line":221,"column":48}},"64":{"start":{"line":224,"column":8},"end":{"line":224,"column":119}},"65":{"start":{"line":230,"column":8},"end":{"line":230,"column":52}},"66":{"start":{"line":231,"column":8},"end":{"line":231,"column":137}},"67":{"start":{"line":233,"column":8},"end":{"line":233,"column":171}},"68":{"start":{"line":234,"column":8},"end":{"line":234,"column":8118}},"69":{"start":{"line":235,"column":12},"end":{"line":235,"column":55}},"70":{"start":{"line":239,"column":8},"end":{"line":239,"column":69}},"71":{"start":{"line":240,"column":8},"end":{"line":240,"column":8321}},"72":{"start":{"line":241,"column":12},"end":{"line":241,"column":63}},"73":{"start":{"line":245,"column":8},"end":{"line":245,"column":57}},"74":{"start":{"line":246,"column":8},"end":{"line":246,"column":19}},"75":{"start":{"line":252,"column":5},"end":{"line":252,"column":80}},"76":{"start":{"line":253,"column":5},"end":{"line":253,"column":28}},"77":{"start":{"line":257,"column":5},"end":{"line":257,"column":20}},"78":{"start":{"line":258,"column":5},"end":{"line":258,"column":16}},"79":{"start":{"line":264,"column":7},"end":{"line":264,"column":84}},"80":{"start":{"line":265,"column":7},"end":{"line":265,"column":38}},"81":{"start":{"line":274,"column":6},"end":{"line":274,"column":9207}},"82":{"start":{"line":275,"column":10},"end":{"line":275,"column":37}},"83":{"start":{"line":278,"column":10},"end":{"line":278,"column":41}},"84":{"start":{"line":279,"column":10},"end":{"line":279,"column":58}},"85":{"start":{"line":285,"column":6},"end":{"line":285,"column":17}},"86":{"start":{"line":292,"column":9},"end":{"line":292,"column":27}}},"branchMap":{"1":{"line":89,"type":"if","locations":[{"start":{"line":89,"column":9},"end":{"line":89,"column":9}},{"start":{"line":89,"column":9},"end":{"line":89,"column":9}}]},"2":{"line":134,"type":"if","locations":[{"start":{"line":134,"column":7},"end":{"line":134,"column":7}},{"start":{"line":134,"column":7},"end":{"line":134,"column":7}}]},"3":{"line":146,"type":"if","locations":[{"start":{"line":146,"column":8},"end":{"line":146,"column":8}},{"start":{"line":146,"column":8},"end":{"line":146,"column":8}}]},"4":{"line":151,"type":"if","locations":[{"start":{"line":151,"column":8},"end":{"line":151,"column":8}},{"start":{"line":151,"column":8},"end":{"line":151,"column":8}}]},"5":{"line":198,"type":"if","locations":[{"start":{"line":198,"column":8},"end":{"line":198,"c
[...]
:310,"column":12},"end":{"line":310,"column":76}},"74":{"start":{"line":312,"column":8},"end":{"line":312,"column":13582}},"75":{"start":{"line":313,"column":12},"end":{"line":313,"column":78}},"76":{"start":{"line":316,"column":8},"end":{"line":316,"column":45}},"77":{"start":{"line":324,"column":8},"end":{"line":324,"column":41}},"78":{"start":{"line":325,"column":8},"end":{"line":325,"column":19}},"79":{"start":{"line":330,"column":8},"end":{"line":330,"column":49}},"80":{"start":{"line":331,"column":8},"end":{"line":331,"column":19}},"81":{"start":{"line":336,"column":8},"end":{"line":336,"column":56}},"82":{"start":{"line":337,"column":8},"end":{"line":337,"column":19}},"83":{"start":{"line":344,"column":8},"end":{"line":344,"column":59}},"84":{"start":{"line":345,"column":8},"end":{"line":345,"column":41}},"85":{"start":{"line":346,"column":8},"end":{"line":346,"column":14693}},"86":{"start":{"line":347,"column":12},"end":{"line":347,"column":48}},"87":{"start":{"line":349,"column":8},"end":{"line":349,"column":46}},"88":{"start":{"line":351,"column":8},"end":{"line":351,"column":14854}},"89":{"start":{"line":352,"column":10},"end":{"line":352,"column":171}},"90":{"start":{"line":355,"column":8},"end":{"line":355,"column":49}},"91":{"start":{"line":356,"column":8},"end":{"line":356,"column":86}},"92":{"start":{"line":358,"column":10},"end":{"line":358,"column":15228}},"93":{"start":{"line":359,"column":12},"end":{"line":359,"column":15295}},"94":{"start":{"line":360,"column":18},"end":{"line":360,"column":60}},"95":{"start":{"line":363,"column":10},"end":{"line":363,"column":161}},"96":{"start":{"line":365,"column":10},"end":{"line":365,"column":70}},"97":{"start":{"line":366,"column":10},"end":{"line":366,"column":70}},"98":{"start":{"line":368,"column":10},"end":{"line":368,"column":66}},"99":{"start":{"line":369,"column":10},"end":{"line":369,"column":67}},"100":{"start":{"line":371,"column":11},"end":{"line":371,"column":15899}},"101":{"start":{"line":372,"column":18},"end":{"line":372,"column":68}},"102":{"start":{"line":375,"column":12},"end":{"line":375,"column":16072}},"103":{"start":{"line":376,"column":18},"end":{"line":376,"column":69}},"104":{"start":{"line":379,"column":10},"end":{"line":379,"column":16243}},"105":{"start":{"line":380,"column":14},"end":{"line":380,"column":99}},"106":{"start":{"line":382,"column":10},"end":{"line":382,"column":16430}},"107":{"start":{"line":383,"column":14},"end":{"line":383,"column":100}},"108":{"start":{"line":387,"column":10},"end":{"line":387,"column":75}},"109":{"start":{"line":389,"column":10},"end":{"line":389,"column":16698}},"110":{"start":{"line":390,"column":14},"end":{"line":390,"column":56}},"111":{"start":{"line":391,"column":14},"end":{"line":391,"column":16826}},"112":{"start":{"line":392,"column":18},"end":{"line":392,"column":80}},"113":{"start":{"line":393,"column":18},"end":{"line":393,"column":16942}},"114":{"start":{"line":394,"column":22},"end":{"line":394,"column":45}},"115":{"start":{"line":396,"column":18},"end":{"line":396,"column":59}},"116":{"start":{"line":399,"column":16},"end":{"line":399,"column":57}},"117":{"start":{"line":403,"column":14},"end":{"line":403,"column":17239}},"118":{"start":{"line":404,"column":19},"end":{"line":404,"column":83}},"119":{"start":{"line":405,"column":19},"end":{"line":405,"column":17360}},"120":{"start":{"line":406,"column":23},"end":{"line":406,"column":54}},"121":{"start":{"line":408,"column":19},"end":{"line":408,"column":75}},"122":{"start":{"line":409,"column":19},"end":{"line":409,"column":70}},"123":{"start":{"line":413,"column":15},"end":{"line":413,"column":66}},"124":{"start":{"line":418,"column":10},"end":{"line":418,"column":40}},"125":{"start":{"line":424,"column":12},"end":{"line":424,"column":17816}},"126":{"start":{"line":425,"column":18},"end":{"line":425,"column":60}},"127":{"start":{"line":427,"column":12},"end":{"line":427,"column":17972}},"128":{"start":{"line":428,"column":16},"end":{"line":428,"column":68}},"129":{"start":{"line":430,"column":10},"end":{"line":430,"column":75}},"130":{"start":{"line":431,"column":10},"end":{"line":431,"column":61}},"131":{"start":{"line":432,"column":10},"end":{"line":432,"column":40}},"132":{"start":{"line":438,"column":5},"end":{"line":438,"column":20}},"133":{"start":{"line":439,"column":5},"end":{"line":439,"column":16}},"134":{"start":{"line":444,"column":4},"end":{"line":444,"column":39}},"135":{"start":{"line":445,"column":4},"end":{"line":445,"column":28}},"136":{"start":{"line":446,"column":4},"end":{"line":446,"column":15}},"137":{"start":{"line":452,"column":3},"end":{"line":452,"column":39}},"138":{"start":{"line":453,"column":3},"end":{"line":453,"column":32}},"139":{"start":{"line":454,"column":3},"end":{"line":454,"column":14}},"140":{"start":{"line":461,"column":12},"end":{"line":461,"column":18928}},"141":{"start":{"line":462,"column":16},"end":{"line":462,"column":51}},"142":{"start":{"line":464,"column":17},"end":{"line":464,"column":19082}},"143":{"start":{"line":467,"column":15},"end":{"line":467,"column":94}},"144":{"start":{"line":470,"column":16},"end":{"line":470,"column":115}},"145":{"start":{"line":474,"column":17},"end":{"line":474,"column":19523}},"146":{"start":{"line":475,"column":16},"end":{"line":475,"column":41}},"147":{"start":{"line":478,"column":16},"end":{"line":478,"column":95}},"148":{"start":{"line":481,"column":16},"end":{"line":481,"column":112}},"149":{"start":{"line":489,"column":10},"end":{"line":489,"column":80}},"150":{"start":{"line":490,"column":11},"end":{"line":490,"column":76}},"151":{"start":{"line":491,"column":11},"end":{"line":491,"column":62}},"152":{"start":{"line":492,"column":11},"end":{"line":492,"column":33}},"153":{"start":{"line":500,"column":8},"end":{"line":500,"column":55}},"154":{"start":{"line":501,"column":8},"end":{"line":501,"column":31}},"155":{"start":{"line":502,"column":8},"end":{"line":502,"column":32}},"156":{"start":{"line":505,"column":8},"end":{"line":505,"column":20609}},"157":{"start":{"line":506,"column":12},"end":{"line":506,"column":51}},"158":{"start":{"line":510,"column":8},"end":{"line":510,"column":20731}},"159":{"start":{"line":511,"column":12},"end":{"line":511,"column":30}},"160":{"start":{"line":513,"column":8},"end":{"line":513,"column":20890}},"161":{"start":{"line":514,"column":12},"end":{"line":514,"column":30}},"162":{"start":{"line":519,"column":8},"end":{"line":519,"column":51}},"163":{"start":{"line":520,"column":8},"end":{"line":520,"column":51}},"164":{"start":{"line":521,"column":8},"end":{"line":521,"column":51}},"165":{"start":{"line":523,"column":8},"end":{"line":523,"column":29}},"166":{"start":{"line":524,"column":8},"end":{"line":524,"column":38}},"167":{"start":{"line":525,"column":8},"end":{"line":525,"column":28}},"168":{"start":{"line":527,"column":8},"end":{"line":527,"column":30}},"169":{"start":{"line":528,"column":8},"end":{"line":528,"column":40}},"170":{"start":{"line":529,"column":8},"end":{"line":529,"column":29}},"171":{"start":{"line":531,"column":8},"end":{"line":531,"column":30}},"172":{"start":{"line":532,"column":8},"end":{"line":532,"column":40}},"173":{"start":{"line":533,"column":8},"end":{"line":533,"column":29}},"174":{"start":{"line":536,"column":8},"end":{"line":536,"column":79}},"175":{"start":{"line":539,"column":8},"end":{"line":539,"column":80}},"176":{"start":{"line":540,"column":8},"end":{"line":540,"column":83}},"177":{"start":{"line":541,"column":8},"end":{"line":541,"column":83}},"178":{"start":{"line":544,"column":8},"end":{"line":544,"column":75}},"179":{"start":{"line":545,"column":8},"end":{"line":545,"column":78}},"180":{"start":{"line":546,"column":8},"end":{"line":546,"column":78}},"181":{"start":{"line":548,"column":8},"end":{"line":548,"column":49}},"182":{"start":{"line":549,"column":8},"end":{"line":549,"column":52}},"183":{"start":{"line":550,"column":8},"end":{"line":550,"column":53}},"184":{"start":{"line":552,"column":8},"end":{"line":552,"column":29}},"185":{"start":{"line":554,"column":8},"end":{"line":554,"column":29}},"186":{"start":{"line":556,"column":8},"end":{"line":556,"column":22450}},"187":{"start":{"line":557,"column":12},"end":{"line":557,"column":26}},"188":{"start":{"line":558,"column":12},"end":{"line":558,"column":41}},"189":{"start":{"line":559,"column":12},"end":{"line":559,"column":30}},"190":{"start":{"line":561,"column":8},"end":{"line":561,"column":22612}},"191":{"start":{"line":562,"column":12},"end":{"line":562,"column":26}},"192":{"start":{"line":563,"column":12},"end":{"line":563,"column":42}},"193":{"start":{"line":564,"column":12},"end":{"line":564,"column":31}},"194":{"start":{"line":566,"column":9},"end":{"line":566,"column":22776}},"195":{"start":{"line":567,"column":13},"end":{"line":567,"column":27}},"196":{"start":{"line":568,"column":12},"end":{"line":568,"column":42}},"197":{"start":{"line":569,"column":12},"end":{"line":569,"column":31}},"198":{"start":{"line":572,"column":8},"end":{"line":572,"column":98}},"199":{"start":{"line":574,"column":8},"end":{"line":574,"column":23043}},"200":{"start":{"line":575,"column":14},"end":{"line":575,"column":29}},"201":{"start":{"line":578,"column":12},"end":{"line":578,"column":28}},"202":{"start":{"line":588,"column":8},"end":{"line":588,"column":23307}},"203":{"start":{"line":589,"column":12},"end":{"line":589,"column":26}},"204":{"start":{"line":592,"column":12},"end":{"line":592,"column":56}},"205":{"start":{"line":593,"column":12},"end":{"line":593,"column":24}},"206":{"start":{"line":594,"column":12},"end":{"line":594,"column":24}},"207":{"start":{"line":595,"column":12},"end":{"line":595,"column":27}},"208":{"start":{"line":603,"column":11},"end":{"line":603,"column":46}},"209":{"start":{"line":604,"column":11},"end":{"line":604,"column":128}},"210":{"start":{"line":605,"column":11},"end":{"line":605,"column":25}},"211":{"start":{"line":611,"column":6},"end":{"line":611,"column":24086}},"212":{"start":{"line":612,"column":10},"end":{"line":612,"column":37}},"213":{"start":{"line":615,"column":10},"end":{"line":615,"column":41}},"214":{"start":{"line":616,"column":10},"end":{"line":616,"column":58}},"215":{"start":{"line":618,"column":6},"end":{"line":618,"column":17}},"216":{"start":{"line":623,"column":4},"end":{"line":623,"column":85}},"217":{"start":{"line":624,"column":4},"end":{"line":624,"column":15}},"218":{"start":{"line":625,"column":4},"end":{"line":625,"column":15}},"219":{"start":{"line":630,"column":4},"end":{"line":630,"column":71}},"220":{"start":{"line":631,"column":4},"end":{"line":631,"column":18}},"221":{"start":{"line":632,"column":4},"end":{"line":632,"column":15}},"222":{"start":{"line":636,"column":6},"end":{"line":636,"column":56}},"223":{"start":{"line":637,"column":6},"end":{"line":637,"column":17}},"224":{"start":{"line":641,"column":6},"end":{"line":641,"column":62}},"225":{"start":{"line":642,"column":6},"end":{"line":642,"column":28}},"226":{"start":{"line":646,"column":4},"end":{"line":646,"column":37}},"227":{"start":{"line":647,"column":4},"end":{"line":647,"column":39}}},"branchMap":{"1":{"line":194,"type":"if","locations":[{"start":{"line":194,"column":8},"end":{"line":194,"column":8}},{"start":{"line":194,"column":8},"end":{"line":194,"column":8}}]},"2":{"line":218,"type":"if","locations":[{"start":{"line":218,"column":6},"end":{"line":218,"column":6}},{"start":{"line":218,"column":6},"end":{"line":218,"column":6}}]},"3":{"line":220,"type":"if","locations":[{"start":{"line":220,"column":8},"end":{"line":220,"column":8}},{"start":{"line":220,"column":8},"end":{"line":220,"column":8}}]},"4":{"line":221,"type":"if","locations":[{"start":{"line":221,"column":10},"end":{"line":221,"column":10}},{"start":{"line":221,"column":10},"end":{"line":221,"column":10}}]},"5":{"line":222,"type":"if","locations":[{"start":{"line":222,"column":10},"end":{"line":222,"column":10}},{"start":{"line":222,"column":10},"end":{"line":222,"column":10}}]},"6":{"line":237,"type":"if","locations":[{"start":{"line":237,"column":8},"end":{"line":237,"column":8}},{"start":{"line":237,"column":8},"end":{"line":237,"column":8}}]},"7":{"line":247,"type":"if","locations":[{"start":{"line":247,"column":8},"end":{"line":247,"column":8}},{"start":{"line":247,"column":8},"end":{"line":247,"column":8}}]},"8":{"line":248,"type":"if","locations":[{"start":{"line":248,"column":10},"end":{"line":248,"column":10}},{"start":{"line":248,"column":10},"end":{"line":248,"column":10}}]},"9":{"line":249,"type":"if","locations":[{"start":{"line":249,"column":10},"end":{"line":249,"column":10}},{"start":{"line":249,"column":10},"end":{"line":249,"column":10}}]},"10":{"line":254,"type":"if","locations":[{"start":{"line":254,"column":8},"end":{"line":254,"column":8}},{"start":{"line":254,"column":8},"end":{"line":254,"column":8}}]},"11":{"line":257,"type":"if","locations":[{"start":{"line":257,"column":8},"end":{"line":257,"column":8}},{"start":{"line":257,"column":8},"end":{"line":257,"column":8}}]},"12":{"line":263,"type":"if","locations":[{"start":{"line":263,"column":8},"end":{"line":263,"column":8}},{"start":{"line":263,"column":8},"end":{"line":263,"column":8}}]},"13":{"line":266,"type":"if","locations":[{"start":{"line":266,"column":8},"end":{"line":266,"column":8}},{"start":{"line":266,"column":8},"end":{"line":266,"column":8}}]},"14":{"line":275,"type":"if","locations":[{"start":{"line":275,"column":8},"end":{"line":275,"column":8}},{"start":{"line":275,"column":8},"end":{"line":275,"column":8}}]},"15":{"line":279,"type":"if","locations":[{"start":{"line":279,"column":8},"end":{"line":279,"column":8}},{"start":{"line":279,"column":8},"end":{"line":279,"column":8}}]},"16":{"line":290,"type":"if","locations":[{"start":{"line":290,"column":8},"end":{"line":290,"column":8}},{"start":{"line":290,"column":8},"end":{"line":290,"column":8}}]},"17":{"line":292,"type":"if","locations":[{"start":{"line":292,"column":12},"end":{"line":292,"column":12}},{"start":{"line":292,"column":12},"end":{"line":292,"column":12}}]},"18":{"line":306,"type":"if","locations":[{"start":{"line":306,"column":8},"end":{"line":306,"column":8}},{"start":{"line":306,"column":8},"end":{"line":306,"column":8}}]},"19":{"line":309,"type":"if","locations":[{"start":{"line":309,"column":8},"end":{"line":309,"column":8}},{"start":{"line":309,"column":8},"end":{"line":309,"column":8}}]},"20":{"line":312,"type":"if","locations":[{"start":{"line":312,"column":8},"end":{"line":312,"column":8}},{"start":{"line":312,"column":8},"end":{"line":312,"column":8}}]},"21":{"line":346,"type":"if","locations":[{"start":{"line":346,"column":8},"end":{"line":346,"column":8}},{"start":{"line":346,"column":8},"end":{"line":346,"column":8}}]},"22":{"line":351,"type":"if","locations":[{"start":{"line":351,"column":8},"end":{"line":351,"column":8}},{"start":{"line":351,"column":8},"end":{"line":351,"column":8}}]},"23":{"line":352,"type":"if","locations":[{"start":{"line":352,"column":10},"end":{"line":352,"column":10}},{"start":{"line":352,"column":10},"end":{"line":352,"column":10}}]},"24":{"line":358,"type":"if","locations":[{"start":{"line":358,"column":10},"end":{"line":358,"column":10}},{"start":{"line":358,"column":10},"end":{"line":358,"column":10}}]},"25":{"line":359,"type":"if","locations":[{"start":{"line":359,"column":12},"end":{"line":359,"column":12}},{"start":{"line":359,"column":12},"end":{"line":359,"column":12}}]},"26":{"line":371,"type":"if","locations":[{"start":{"line":371,"column":11},"end":{"line":371,"column":11}},{"start":{"line":371,"column":11},"end":{"line":371,"column":11}}]},"27":{"line":375,"type":"if","locations":[{"start":{"line":375,"column":12},"end":{"line":375,"column":12}},{"start":{"line":375,"column":12},"end":{"line":375,"column":12}}]},"28":{"line":379,"type":"if","locations":[{"start":{"line":379,"column":10},"end":{"line":379,"column":10}},{"start":{"line":379,"column":10},"end":{"line":379,"column":10}}]},"29":{"line":382,"type":"if","locations":[{"start":{"line":382,"column":10},"end":{"line":382,"column":10}},{"start":{"line":382,"column":10},"end":{"line":382,"column":10}}]},"30":{"line":389,"type":"if","locations":[{"start":{"line":389,"column":10},"end":{"line":389,"column":10}},{"start":{"line":389,"column":10},"end":{"line":389,"column":10}}]},"31":{"line":391,"type":"if","locations":[{"start":{"line":391,"column":14},"end":{"line":391,"column":14}},{"start":{"line":391,"column":14},"end":{"line":391,"column":14}}]},"32":{"line":393,"type":"if","locations":[{"start":{"line":393,"column":18},"end":{"line":393,"column":18}},{"start":{"line":393,"column":18},"end":{"line":393,"column":18}}]},"33":{"line":403,"type":"if","locations":[{"start":{"line":403,"column":14},"end":{"line":403,"column":14}},{"start":{"line":403,"column":14},"end":{"line":403,"column":14}}]},"34":{"line":405,"type":"if","locations":[{"start":{"line":405,"column":19},"end":{"line":405,"column":19}},{"start":{"line":405,"column":19},"end":{"line":405,"column":19}}]},"35":{"line":424,"type":"if","locations":[{"start":{"line":424,"column":12},"end":{"line":424,"column":12}},{"start":{"line":424,"column":12},"end":{"line":424,"column":12}}]},"36":{"line":427,"type":"if","locations":[{"start":{"line":427,"column":12},"end":{"line":427,"column":12}},{"start":{"line":427,"column":12},"end":{"line":427,"column":12}}]},"37":{"line":461,"type":"if","locations":[{"start":{"line":461,"column":12},"end":{"line":461,"column":12}},{"start":{"line":461,"column":12},"end":{"line":461,"column":12}}]},"38":{"line":464,"type":"if","locations":[{"start":{"line":464,"column":17},"end":{"line":464,"column":17}},{"start":{"line":464,"column":17},"end":{"line":464,"column":17}}]},"39":{"line":474,"type":"if","locations":[{"start":{"line":474,"column":17},"end":{"line":474,"column":17}},{"start":{"line":474,"column":17},"end":{"line":474,"column":17}}]},"40":{"line":505,"type":"if","locations":[{"start":{"line":505,"column":8},"end":{"line":505,"column":8}},{"start":{"line":505,"column":8},"end":{"line":505,"column":8}}]},"41":{"line":510,"type":"if","locations":[{"start":{"line":510,"column":8},"end":{"line":510,"column":8}},{"start":{"line":510,"column":8},"end":{"line":510,"column":8}}]},"42":{"line":513,"type":"if","locations":[{"start":{"line":513,"column":8},"end":{"line":513,"column":8}},{"start":{"line":513,"column":8},"end":{"line":513,"column":8}}]},"43":{"line":556,"type":"if","locations":[{"start":{"line":556,"column":8},"end":{"line":556,"column":8}},{"start":{"line":556,"column":8},"end":{"line":556,"column":8}}]},"44":{"line":561,"type":"if","locations":[{"start":{"line":561,"column":8},"end":{"line":561,"column":8}},{"start":{"line":561,"column":8},"end":{"line":561,"column":8}}]},"45":{"line":566,"type":"if","locations":[{"start":{"line":566,"column":9},"end":{"line":566,"column":9}},{"start":{"line":566,"column":9},"end":{"line":566,"column":9}}]},"46":{"line":572,"type":"if","locations":[{"start":{"line":572,"column":8},"end":{"line":572,"column":8}},{"start":{"line":572,"column":8},"end":{"line":572,"column":8}}]},"47":{"line":574,"type":"if","locations":[{"start":{"line":574,"column":8},"end":{"line":574,"column":8}},{"start":{"line":574,"column":8},"end":{"line":574,"column":8}}]},"48":{"line":611,"type":"if","locations":[{"start":{"line":611,"column":6},"end":{"line":611,"column":6}},{"start":{"line":611,"column":6},"end":{"line":611,"column":6}}]},"49":{"line":616,"type":"if","locations":[{"start":{"line":616,"column":10},"end":{"line":616,"column":10}},{"start":{"line":616,"column":10},"end":{"line":616,"column":10}}]},"50":{"line":623,"type":"if","locations":[{"start":{"line":623,"column":4},"end":{"line":623,"column":4}},{"start":{"line":623,"column":4},"end":{"line":623,"column":4}}]},"51":{"line":630,"type":"if","locations":[{"start":{"line":630,"column":4},"end":{"line":630,"column":4}},{"start":{"line":630,"column":4},"end":{"line":630,"column":4}}]}}}}